#
# There is insufficient memory for the Java Runtime Environment to continue.
# Native memory allocation (malloc) failed to allocate 2147696 bytes for Chunk::new
# Possible reasons:
#   The system is out of physical RAM or swap space
#   The process is running with CompressedOops enabled, and the Java Heap may be blocking the growth of the native heap
# Possible solutions:
#   Reduce memory load on the system
#   Increase physical memory or swap space
#   Check if swap backing store is full
#   Decrease Java heap size (-Xmx/-Xms)
#   Decrease number of Java threads
#   Decrease Java thread stack sizes (-Xss)
#   Set larger code cache with -XX:ReservedCodeCacheSize=
#   JVM is running with Unscaled Compressed Oops mode in which the Java heap is
#     placed in the first 4GB address space. The Java Heap base address is the
#     maximum limit for the native heap growth. Please use -XX:HeapBaseMinAddress
#     to set the Java Heap base and to place the Java Heap above 4GB virtual address.
# This output file may be truncated or incomplete.
#
#  Out of Memory Error (./src/hotspot/share/memory/arena.cpp:197), pid=16492, tid=11256
#
# JRE version: OpenJDK Runtime Environment (11.0.10) (build 11.0.10+0-b96-7249189)
# Java VM: OpenJDK 64-Bit Server VM (11.0.10+0-b96-7249189, mixed mode, tiered, compressed oops, g1 gc, windows-amd64)
# No core dump will be written. Minidumps are not enabled by default on client versions of Windows
#

---------------  S U M M A R Y ------------

Command Line: --add-opens=java.base/java.util=ALL-UNNAMED --add-opens=java.base/java.lang=ALL-UNNAMED --add-opens=java.base/java.lang.invoke=ALL-UNNAMED --add-opens=java.base/java.util=ALL-UNNAMED --add-opens=java.prefs/java.util.prefs=ALL-UNNAMED --add-opens=java.prefs/java.util.prefs=ALL-UNNAMED --add-opens=java.base/java.nio.charset=ALL-UNNAMED --add-opens=java.base/java.net=ALL-UNNAMED --add-opens=java.base/java.util.concurrent.atomic=ALL-UNNAMED -Xmx2048m -Dfile.encoding=UTF-8 -Duser.country=US -Duser.language=en -Duser.variant org.gradle.launcher.daemon.bootstrap.GradleDaemon 7.0.2

Host: 11th Gen Intel(R) Core(TM) i7-1165G7 @ 2.80GHz, 8 cores, 15G,  Windows 10 , 64 bit Build 19041 (10.0.19041.1151)
Time: Sun Oct  3 14:22:21 2021 Eastern Daylight Time elapsed time: 437.467410 seconds (0d 0h 7m 17s)

---------------  T H R E A D  ---------------

Current thread (0x000001a978305000):  JavaThread "C2 CompilerThread1" daemon [_thread_in_native, id=11256, stack(0x000000184e600000,0x000000184e700000)]


Current CompileTask:
C2: 437467 26628       4       org.gradle.api.internal.artifacts.ivyservice.resolveengine.graph.builder.DependencyGraphBuilder::resolveEdges (43 bytes)

Stack: [0x000000184e600000,0x000000184e700000]
Native frames: (J=compiled Java code, j=interpreted, Vv=VM code, C=native code)
V  [jvm.dll+0x5ecfaa]
V  [jvm.dll+0x722bd5]
V  [jvm.dll+0x72412d]
V  [jvm.dll+0x7247e3]
V  [jvm.dll+0x242928]
V  [jvm.dll+0xbc4fc]
V  [jvm.dll+0xbca0c]
V  [jvm.dll+0x352d3b]
V  [jvm.dll+0x320ad3]
V  [jvm.dll+0x31ffca]
V  [jvm.dll+0x1fb602]
V  [jvm.dll+0x1fa7f4]
V  [jvm.dll+0x18354c]
V  [jvm.dll+0x208ee7]
V  [jvm.dll+0x207731]
V  [jvm.dll+0x6eb1cf]
V  [jvm.dll+0x6e3d45]
V  [jvm.dll+0x5ebe96]
C  [ucrtbase.dll+0x21bb2]
C  [KERNEL32.DLL+0x17034]
C  [ntdll.dll+0x52651]


---------------  P R O C E S S  ---------------

Threads class SMR info:
_java_thread_list=0x000001a90003df20, length=73, elements={
0x000001a95ccd2000, 0x000001a977a5d800, 0x000001a977a60800, 0x000001a977a80800,
0x000001a977a84000, 0x000001a977a85800, 0x000001a977a87800, 0x000001a977a93000,
0x000001a977a97800, 0x000001a977c36800, 0x000001a97a023800, 0x000001a977dfd800,
0x000001a979a6c000, 0x000001a979eee000, 0x000001a979eef000, 0x000001a979eef800,
0x000001a979ef2000, 0x000001a979eec800, 0x000001a97a7d8800, 0x000001a97a7dd800,
0x000001a97a7da000, 0x000001a97a7dc800, 0x000001a97a7df000, 0x000001a978f06800,
0x000001a978f05800, 0x000001a978f03000, 0x000001a978f01800, 0x000001a978f02800,
0x000001a978f04000, 0x000001a97b39c800, 0x000001a97b397800, 0x000001a97b3a0800,
0x000001a97b3a3000, 0x000001a97b3a0000, 0x000001a9004fc000, 0x000001a9004fc800,
0x000001a97920e000, 0x000001a979208000, 0x000001a97920e800, 0x000001a97a7e0800,
0x000001a97b399000, 0x000001a97b39b000, 0x000001a978f0c000, 0x000001a978f0a800,
0x000001a978f07000, 0x000001a978f09000, 0x000001a978f04800, 0x000001a978f0b000,
0x000001a978f09800, 0x000001a978f0d800, 0x000001a978f0e800, 0x000001a978305000,
0x000001a978f10000, 0x000001a978f0f800, 0x000001a97920c800, 0x000001a978bf7800,
0x000001a979209000, 0x000001a97920b800, 0x000001a97920f800, 0x000001a97920d000,
0x000001a97920a000, 0x000001a979210800, 0x000001a97920a800, 0x000001a979212000,
0x000001a979211000, 0x000001a979214800, 0x000001a979213000, 0x000001a979213800,
0x000001a979215000, 0x000001a979216000, 0x000001a979217000, 0x000001a97b396000,
0x000001a97b39a000
}

Java Threads: ( => current thread )
  0x000001a95ccd2000 JavaThread "main" [_thread_blocked, id=16508, stack(0x000000184bf00000,0x000000184c000000)]
  0x000001a977a5d800 JavaThread "Reference Handler" daemon [_thread_blocked, id=1088, stack(0x000000184c600000,0x000000184c700000)]
  0x000001a977a60800 JavaThread "Finalizer" daemon [_thread_blocked, id=11252, stack(0x000000184c700000,0x000000184c800000)]
  0x000001a977a80800 JavaThread "Signal Dispatcher" daemon [_thread_blocked, id=13960, stack(0x000000184c800000,0x000000184c900000)]
  0x000001a977a84000 JavaThread "Attach Listener" daemon [_thread_blocked, id=10480, stack(0x000000184c900000,0x000000184ca00000)]
  0x000001a977a85800 JavaThread "Service Thread" daemon [_thread_blocked, id=20052, stack(0x000000184ca00000,0x000000184cb00000)]
  0x000001a977a87800 JavaThread "C2 CompilerThread0" daemon [_thread_in_native, id=12336, stack(0x000000184cb00000,0x000000184cc00000)]
  0x000001a977a93000 JavaThread "C1 CompilerThread0" daemon [_thread_blocked, id=20380, stack(0x000000184cc00000,0x000000184cd00000)]
  0x000001a977a97800 JavaThread "Sweeper thread" daemon [_thread_blocked, id=16088, stack(0x000000184cd00000,0x000000184ce00000)]
  0x000001a977c36800 JavaThread "Common-Cleaner" daemon [_thread_blocked, id=17912, stack(0x000000184ce00000,0x000000184cf00000)]
  0x000001a97a023800 JavaThread "Daemon health stats" [_thread_blocked, id=4488, stack(0x000000184d600000,0x000000184d700000)]
  0x000001a977dfd800 JavaThread "Incoming local TCP Connector on port 54015" [_thread_in_native, id=1664, stack(0x000000184d000000,0x000000184d100000)]
  0x000001a979a6c000 JavaThread "Daemon periodic checks" [_thread_blocked, id=4564, stack(0x000000184d700000,0x000000184d800000)]
  0x000001a979eee000 JavaThread "Cache worker for file hash cache (C:\Users\raghul\.gradle\caches\7.0.2\fileHashes)" [_thread_blocked, id=17260, stack(0x000000184e100000,0x000000184e200000)]
  0x000001a979eef000 JavaThread "File lock request listener" [_thread_in_native, id=12088, stack(0x000000184e200000,0x000000184e300000)]
  0x000001a979eef800 JavaThread "Cache worker for journal cache (C:\Users\raghul\.gradle\caches\journal-1)" [_thread_blocked, id=9544, stack(0x000000184e400000,0x000000184e500000)]
  0x000001a979ef2000 JavaThread "File watcher server" daemon [_thread_in_native, id=14804, stack(0x000000184e700000,0x000000184e800000)]
  0x000001a979eec800 JavaThread "File watcher consumer" daemon [_thread_blocked, id=18304, stack(0x000000184e800000,0x000000184e900000)]
  0x000001a97a7d8800 JavaThread "Cache worker for execution history cache (C:\Users\raghul\.gradle\caches\7.0.2\executionHistory)" [_thread_blocked, id=18652, stack(0x000000184ed00000,0x000000184ee00000)]
  0x000001a97a7dd800 JavaThread "jar transforms" [_thread_blocked, id=5148, stack(0x000000184ee00000,0x000000184ef00000)]
  0x000001a97a7da000 JavaThread "jar transforms Thread 2" [_thread_blocked, id=19576, stack(0x000000184ef00000,0x000000184f000000)]
  0x000001a97a7dc800 JavaThread "Cache worker for file content cache (C:\Users\raghul\.gradle\caches\7.0.2\fileContent)" [_thread_blocked, id=11244, stack(0x000000184f000000,0x000000184f100000)]
  0x000001a97a7df000 JavaThread "jar transforms Thread 3" [_thread_blocked, id=10984, stack(0x000000184ec00000,0x000000184ed00000)]
  0x000001a978f06800 JavaThread "jar transforms Thread 4" [_thread_blocked, id=6860, stack(0x000000184fc00000,0x000000184fd00000)]
  0x000001a978f05800 JavaThread "jar transforms Thread 5" [_thread_blocked, id=17292, stack(0x000000184fd00000,0x000000184fe00000)]
  0x000001a978f03000 JavaThread "jar transforms Thread 6" [_thread_blocked, id=13020, stack(0x000000184fe00000,0x000000184ff00000)]
  0x000001a978f01800 JavaThread "jar transforms Thread 7" [_thread_blocked, id=20428, stack(0x000000184ff00000,0x0000001850000000)]
  0x000001a978f02800 JavaThread "jar transforms Thread 8" [_thread_blocked, id=7424, stack(0x0000001850000000,0x0000001850100000)]
  0x000001a978f04000 JavaThread "Memory manager" [_thread_blocked, id=5376, stack(0x000000184fb00000,0x000000184fc00000)]
  0x000001a97b39c800 JavaThread "RMI Scheduler(0)" daemon [_thread_blocked, id=14580, stack(0x0000001851200000,0x0000001851300000)]
  0x000001a97b397800 JavaThread "RMI GC Daemon" daemon [_thread_blocked, id=11724, stack(0x0000001851400000,0x0000001851500000)]
  0x000001a97b3a0800 JavaThread "RMI TCP Accept-0" daemon [_thread_in_native, id=19076, stack(0x0000001851500000,0x0000001851600000)]
  0x000001a97b3a3000 JavaThread "RMI Reaper" [_thread_blocked, id=16048, stack(0x0000001851600000,0x0000001851700000)]
  0x000001a97b3a0000 JavaThread "Cache worker for Java compile cache (C:\Users\raghul\.gradle\caches\7.0.2\javaCompile)" [_thread_blocked, id=3004, stack(0x000000184bc00000,0x000000184bd00000)]
  0x000001a9004fc000 JavaThread "ForkJoinPool.commonPool-worker-5" daemon [_thread_blocked, id=2884, stack(0x0000001851f00000,0x0000001852000000)]
  0x000001a9004fc800 JavaThread "ForkJoinPool.commonPool-worker-7" daemon [_thread_blocked, id=15296, stack(0x0000001852000000,0x0000001852100000)]
  0x000001a97920e000 JavaThread "ForkJoinPool.commonPool-worker-9" daemon [_thread_blocked, id=20092, stack(0x0000001852100000,0x0000001852200000)]
  0x000001a979208000 JavaThread "ForkJoinPool.commonPool-worker-11" daemon [_thread_blocked, id=6460, stack(0x0000001852200000,0x0000001852300000)]
  0x000001a97920e800 JavaThread "ForkJoinPool.commonPool-worker-15" daemon [_thread_blocked, id=18052, stack(0x0000001852400000,0x0000001852500000)]
  0x000001a97a7e0800 JavaThread "ForkJoinPool.commonPool-worker-1" daemon [_thread_blocked, id=14696, stack(0x0000001851300000,0x0000001851400000)]
  0x000001a97b399000 JavaThread "Daemon Thread 3" [_thread_blocked, id=5144, stack(0x000000184bd00000,0x000000184be00000)]
  0x000001a97b39b000 JavaThread "Daemon worker Thread 3" [_thread_in_Java, id=6840, stack(0x000000184d900000,0x000000184da00000)]
  0x000001a978f0c000 JavaThread "ForkJoinPool.commonPool-worker-3" daemon [_thread_blocked, id=15396, stack(0x0000001851800000,0x0000001851900000)]
  0x000001a978f0a800 JavaThread "Handler for socket connection from /127.0.0.1:54015 to /127.0.0.1:52524" [_thread_in_native, id=16040, stack(0x000000184be00000,0x000000184bf00000)]
  0x000001a978f07000 JavaThread "Cancel handler" [_thread_blocked, id=19292, stack(0x000000184d800000,0x000000184d900000)]
  0x000001a978f09000 JavaThread "Asynchronous log dispatcher for DefaultDaemonConnection: socket connection from /127.0.0.1:54015 to /127.0.0.1:52524" [_thread_blocked, id=3908, stack(0x000000184da00000,0x000000184db00000)]
  0x000001a978f04800 JavaThread "Stdin handler" [_thread_blocked, id=19232, stack(0x000000184db00000,0x000000184dc00000)]
  0x000001a978f0b000 JavaThread "Daemon client event forwarder" [_thread_blocked, id=18468, stack(0x000000184dc00000,0x000000184dd00000)]
  0x000001a978f09800 JavaThread "Cache worker for file hash cache (C:\Users\raghul\AndroidStudioProjects\Helmetly\.gradle\7.0.2\fileHashes)" [_thread_blocked, id=14784, stack(0x000000184dd00000,0x000000184de00000)]
  0x000001a978f0d800 JavaThread "Cache worker for checksums cache (C:\Users\raghul\AndroidStudioProjects\Helmetly\.gradle\checksums)" [_thread_blocked, id=12224, stack(0x000000184de00000,0x000000184df00000)]
  0x000001a978f0e800 JavaThread "Cache worker for cache directory md-supplier (C:\Users\raghul\.gradle\caches\7.0.2\md-supplier)" [_thread_blocked, id=20160, stack(0x000000184e500000,0x000000184e600000)]
=>0x000001a978305000 JavaThread "C2 CompilerThread1" daemon [_thread_in_native, id=11256, stack(0x000000184e600000,0x000000184e700000)]
  0x000001a978f10000 JavaThread "Cache worker for cache directory md-rule (C:\Users\raghul\.gradle\caches\7.0.2\md-rule)" [_thread_blocked, id=15056, stack(0x000000184e900000,0x000000184ea00000)]
  0x000001a978f0f800 JavaThread "Cache worker for dependencies-accessors (C:\Users\raghul\AndroidStudioProjects\Helmetly\.gradle\7.0.2\dependencies-accessors)" [_thread_blocked, id=16936, stack(0x000000184ea00000,0x000000184eb00000)]
  0x000001a97920c800 JavaThread "Cache worker for Build Output Cleanup Cache (C:\Users\raghul\AndroidStudioProjects\Helmetly\.gradle\buildOutputCleanup)" [_thread_blocked, id=5720, stack(0x000000184eb00000,0x000000184ec00000)]
  0x000001a978bf7800 JavaThread "C2 CompilerThread2" daemon [_thread_in_native, id=7428, stack(0x000000184f100000,0x000000184f200000)]
  0x000001a979209000 JavaThread "Build operations" [_thread_blocked, id=15024, stack(0x000000184f200000,0x000000184f300000)]
  0x000001a97920b800 JavaThread "Build operations Thread 2" [_thread_blocked, id=10204, stack(0x000000184f300000,0x000000184f400000)]
  0x000001a97920f800 JavaThread "Build operations Thread 3" [_thread_blocked, id=3752, stack(0x000000184f400000,0x000000184f500000)]
  0x000001a97920d000 JavaThread "Build operations Thread 4" [_thread_blocked, id=1440, stack(0x000000184f500000,0x000000184f600000)]
  0x000001a97920a000 JavaThread "Build operations Thread 5" [_thread_blocked, id=13752, stack(0x000000184f600000,0x000000184f700000)]
  0x000001a979210800 JavaThread "Build operations Thread 6" [_thread_blocked, id=13452, stack(0x000000184f700000,0x000000184f800000)]
  0x000001a97920a800 JavaThread "Build operations Thread 7" [_thread_blocked, id=8896, stack(0x000000184f800000,0x000000184f900000)]
  0x000001a979212000 JavaThread "Build operations Thread 8" [_thread_blocked, id=376, stack(0x000000184f900000,0x000000184fa00000)]
  0x000001a979211000 JavaThread "build event listener" [_thread_blocked, id=17884, stack(0x000000184fa00000,0x000000184fb00000)]
  0x000001a979214800 JavaThread "Execution worker for ':'" [_thread_blocked, id=15344, stack(0x0000001850400000,0x0000001850500000)]
  0x000001a979213000 JavaThread "Execution worker for ':' Thread 2" [_thread_blocked, id=4228, stack(0x0000001850500000,0x0000001850600000)]
  0x000001a979213800 JavaThread "Execution worker for ':' Thread 3" [_thread_blocked, id=20140, stack(0x0000001850600000,0x0000001850700000)]
  0x000001a979215000 JavaThread "Execution worker for ':' Thread 4" [_thread_blocked, id=12020, stack(0x0000001850700000,0x0000001850800000)]
  0x000001a979216000 JavaThread "Execution worker for ':' Thread 5" [_thread_blocked, id=19000, stack(0x0000001850800000,0x0000001850900000)]
  0x000001a979217000 JavaThread "Execution worker for ':' Thread 6" [_thread_blocked, id=16896, stack(0x0000001850900000,0x0000001850a00000)]
  0x000001a97b396000 JavaThread "Execution worker for ':' Thread 7" [_thread_blocked, id=20272, stack(0x0000001850a00000,0x0000001850b00000)]
  0x000001a97b39a000 JavaThread "Cache worker for execution history cache (C:\Users\raghul\AndroidStudioProjects\Helmetly\.gradle\7.0.2\executionHistory)" [_thread_blocked, id=18964, stack(0x0000001850b00000,0x0000001850c00000)]

Other Threads:
  0x000001a977a17800 VMThread "VM Thread" [stack: 0x000000184c500000,0x000000184c600000] [id=764]
  0x000001a977c49000 WatcherThread [stack: 0x000000184cf00000,0x000000184d000000] [id=16328]
  0x000001a95cced800 GCTaskThread "GC Thread#0" [stack: 0x000000184c000000,0x000000184c100000] [id=400]
  0x000001a9788fb800 GCTaskThread "GC Thread#1" [stack: 0x000000184d100000,0x000000184d200000] [id=15108]
  0x000001a978538000 GCTaskThread "GC Thread#2" [stack: 0x000000184d200000,0x000000184d300000] [id=17688]
  0x000001a97891a800 GCTaskThread "GC Thread#3" [stack: 0x000000184d300000,0x000000184d400000] [id=2172]
  0x000001a9782a9800 GCTaskThread "GC Thread#4" [stack: 0x000000184d400000,0x000000184d500000] [id=13828]
  0x000001a9786fe800 GCTaskThread "GC Thread#5" [stack: 0x000000184d500000,0x000000184d600000] [id=17904]
  0x000001a97954a800 GCTaskThread "GC Thread#6" [stack: 0x000000184df00000,0x000000184e000000] [id=12728]
  0x000001a979549800 GCTaskThread "GC Thread#7" [stack: 0x000000184e000000,0x000000184e100000] [id=19848]
  0x000001a95cd1e800 ConcurrentGCThread "G1 Main Marker" [stack: 0x000000184c100000,0x000000184c200000] [id=15540]
  0x000001a95cd20000 ConcurrentGCThread "G1 Conc#0" [stack: 0x000000184c200000,0x000000184c300000] [id=4644]
  0x000001a97954b000 ConcurrentGCThread "G1 Conc#1" [stack: 0x000000184e300000,0x000000184e400000] [id=13576]
  0x000001a97707e800 ConcurrentGCThread "G1 Refine#0" [stack: 0x000000184c300000,0x000000184c400000] [id=240]
  0x000001a97b9b3800 ConcurrentGCThread "G1 Refine#1" [stack: 0x0000001850100000,0x0000001850200000] [id=18036]
  0x000001a97af40800 ConcurrentGCThread "G1 Refine#2" [stack: 0x0000001850200000,0x0000001850300000] [id=20196]
  0x000001a97b9f5800 ConcurrentGCThread "G1 Refine#3" [stack: 0x0000001850300000,0x0000001850400000] [id=19476]
  0x000001a97707f800 ConcurrentGCThread "G1 Young RemSet Sampling" [stack: 0x000000184c400000,0x000000184c500000] [id=14608]

Threads with active compile tasks:
C2 CompilerThread0 437521 26621       4       org.gradle.api.internal.artifacts.ivyservice.ivyresolve.CachingModuleComponentRepository$LocateInCacheRepositoryAccess::getProcessedMetadata (41 bytes)
C2 CompilerThread1 437521 26628       4       org.gradle.api.internal.artifacts.ivyservice.resolveengine.graph.builder.DependencyGraphBuilder::resolveEdges (43 bytes)
C2 CompilerThread2 437521 26730       4       org.gradle.internal.graph.CachingDirectedGraphWalker::doSearch (659 bytes)

VM state:not at safepoint (normal execution)

VM Mutex/Monitor currently owned by a thread: None

Heap address: 0x0000000080000000, size: 2048 MB, Compressed Oops mode: 32-bit
Narrow klass base: 0x0000000000000000, Narrow klass shift: 3
Compressed class space size: 1073741824 Address: 0x0000000100000000

Heap:
 garbage-first heap   total 260096K, used 206244K [0x0000000080000000, 0x0000000100000000)
  region size 1024K, 62 young (63488K), 5 survivors (5120K)
 Metaspace       used 135944K, capacity 140313K, committed 140620K, reserved 1171456K
  class space    used 17047K, capacity 18660K, committed 18764K, reserved 1048576K
Heap Regions: E=young(eden), S=young(survivor), O=old, HS=humongous(starts), HC=humongous(continues), CS=collection set, F=free, A=archive, TAMS=top-at-mark-start (previous, next)
|   0|0x0000000080000000, 0x0000000080100000, 0x0000000080100000|100%| O|  |TAMS 0x0000000080100000, 0x0000000080000000| Complete 
|   1|0x0000000080100000, 0x0000000080200000, 0x0000000080200000|100%| O|  |TAMS 0x0000000080200000, 0x0000000080100000| Untracked 
|   2|0x0000000080200000, 0x0000000080300000, 0x0000000080300000|100%| O|  |TAMS 0x0000000080300000, 0x0000000080200000| Complete 
|   3|0x0000000080300000, 0x0000000080400000, 0x0000000080400000|100%|HS|  |TAMS 0x0000000080400000, 0x0000000080300000| Complete 
|   4|0x0000000080400000, 0x0000000080500000, 0x0000000080500000|100%|HC|  |TAMS 0x0000000080500000, 0x0000000080400000| Complete 
|   5|0x0000000080500000, 0x0000000080600000, 0x0000000080600000|100%|HC|  |TAMS 0x0000000080600000, 0x0000000080500000| Complete 
|   6|0x0000000080600000, 0x0000000080700000, 0x0000000080700000|100%| O|  |TAMS 0x0000000080700000, 0x0000000080600000| Untracked 
|   7|0x0000000080700000, 0x0000000080800000, 0x0000000080800000|100%| O|  |TAMS 0x0000000080800000, 0x0000000080700000| Untracked 
|   8|0x0000000080800000, 0x0000000080900000, 0x0000000080900000|100%| O|  |TAMS 0x0000000080900000, 0x0000000080800000| Untracked 
|   9|0x0000000080900000, 0x0000000080a00000, 0x0000000080a00000|100%| O|  |TAMS 0x0000000080a00000, 0x0000000080900000| Untracked 
|  10|0x0000000080a00000, 0x0000000080b00000, 0x0000000080b00000|100%| O|  |TAMS 0x0000000080b00000, 0x0000000080a00000| Untracked 
|  11|0x0000000080b00000, 0x0000000080c00000, 0x0000000080c00000|100%| O|  |TAMS 0x0000000080c00000, 0x0000000080b00000| Untracked 
|  12|0x0000000080c00000, 0x0000000080d00000, 0x0000000080d00000|100%| O|  |TAMS 0x0000000080d00000, 0x0000000080c00000| Untracked 
|  13|0x0000000080d00000, 0x0000000080e00000, 0x0000000080e00000|100%| O|  |TAMS 0x0000000080e00000, 0x0000000080d00000| Untracked 
|  14|0x0000000080e00000, 0x0000000080f00000, 0x0000000080f00000|100%| O|  |TAMS 0x0000000080f00000, 0x0000000080e00000| Complete 
|  15|0x0000000080f00000, 0x0000000081000000, 0x0000000081000000|100%| O|  |TAMS 0x0000000081000000, 0x0000000080f00000| Untracked 
|  16|0x0000000081000000, 0x0000000081100000, 0x0000000081100000|100%|HS|  |TAMS 0x0000000081100000, 0x0000000081000000| Complete 
|  17|0x0000000081100000, 0x0000000081200000, 0x0000000081200000|100%|HS|  |TAMS 0x0000000081200000, 0x0000000081100000| Complete 
|  18|0x0000000081200000, 0x0000000081300000, 0x0000000081300000|100%|HS|  |TAMS 0x0000000081300000, 0x0000000081200000| Complete 
|  19|0x0000000081300000, 0x0000000081400000, 0x0000000081400000|100%|HS|  |TAMS 0x0000000081400000, 0x0000000081300000| Complete 
|  20|0x0000000081400000, 0x0000000081500000, 0x0000000081500000|100%|HC|  |TAMS 0x0000000081500000, 0x0000000081400000| Complete 
|  21|0x0000000081500000, 0x0000000081600000, 0x0000000081600000|100%|HC|  |TAMS 0x0000000081600000, 0x0000000081500000| Complete 
|  22|0x0000000081600000, 0x0000000081700000, 0x0000000081700000|100%|HS|  |TAMS 0x0000000081700000, 0x0000000081600000| Complete 
|  23|0x0000000081700000, 0x0000000081800000, 0x0000000081800000|100%|HC|  |TAMS 0x0000000081800000, 0x0000000081700000| Complete 
|  24|0x0000000081800000, 0x0000000081900000, 0x0000000081900000|100%| O|  |TAMS 0x0000000081900000, 0x0000000081800000| Untracked 
|  25|0x0000000081900000, 0x0000000081a00000, 0x0000000081a00000|100%| O|  |TAMS 0x0000000081a00000, 0x0000000081900000| Complete 
|  26|0x0000000081a00000, 0x0000000081b00000, 0x0000000081b00000|100%| O|  |TAMS 0x0000000081b00000, 0x0000000081a00000| Complete 
|  27|0x0000000081b00000, 0x0000000081c00000, 0x0000000081c00000|100%| O|  |TAMS 0x0000000081c00000, 0x0000000081b00000| Complete 
|  28|0x0000000081c00000, 0x0000000081d00000, 0x0000000081d00000|100%| O|  |TAMS 0x0000000081d00000, 0x0000000081c00000| Complete 
|  29|0x0000000081d00000, 0x0000000081e00000, 0x0000000081e00000|100%| O|  |TAMS 0x0000000081e00000, 0x0000000081d00000| Complete 
|  30|0x0000000081e00000, 0x0000000081f00000, 0x0000000081f00000|100%| O|  |TAMS 0x0000000081f00000, 0x0000000081e00000| Untracked 
|  31|0x0000000081f00000, 0x0000000082000000, 0x0000000082000000|100%| O|  |TAMS 0x0000000082000000, 0x0000000081f00000| Untracked 
|  32|0x0000000082000000, 0x0000000082100000, 0x0000000082100000|100%| O|  |TAMS 0x0000000082100000, 0x0000000082000000| Untracked 
|  33|0x0000000082100000, 0x0000000082200000, 0x0000000082200000|100%| O|  |TAMS 0x0000000082200000, 0x0000000082100000| Untracked 
|  34|0x0000000082200000, 0x0000000082300000, 0x0000000082300000|100%| O|  |TAMS 0x0000000082300000, 0x0000000082200000| Untracked 
|  35|0x0000000082300000, 0x0000000082300000, 0x0000000082400000|  0%| F|  |TAMS 0x0000000082300000, 0x0000000082300000| Untracked 
|  36|0x0000000082400000, 0x0000000082500000, 0x0000000082500000|100%| O|  |TAMS 0x0000000082500000, 0x0000000082400000| Untracked 
|  37|0x0000000082500000, 0x0000000082600000, 0x0000000082600000|100%| O|  |TAMS 0x0000000082600000, 0x0000000082500000| Untracked 
|  38|0x0000000082600000, 0x0000000082700000, 0x0000000082700000|100%| O|  |TAMS 0x0000000082700000, 0x0000000082600000| Untracked 
|  39|0x0000000082700000, 0x0000000082800000, 0x0000000082800000|100%| O|  |TAMS 0x0000000082800000, 0x0000000082700000| Untracked 
|  40|0x0000000082800000, 0x0000000082900000, 0x0000000082900000|100%| O|  |TAMS 0x0000000082900000, 0x0000000082800000| Untracked 
|  41|0x0000000082900000, 0x0000000082a00000, 0x0000000082a00000|100%| O|  |TAMS 0x0000000082a00000, 0x0000000082900000| Untracked 
|  42|0x0000000082a00000, 0x0000000082b00000, 0x0000000082b00000|100%| O|  |TAMS 0x0000000082b00000, 0x0000000082a00000| Untracked 
|  43|0x0000000082b00000, 0x0000000082c00000, 0x0000000082c00000|100%| O|  |TAMS 0x0000000082c00000, 0x0000000082b00000| Untracked 
|  44|0x0000000082c00000, 0x0000000082d00000, 0x0000000082d00000|100%| O|  |TAMS 0x0000000082d00000, 0x0000000082c00000| Untracked 
|  45|0x0000000082d00000, 0x0000000082d00000, 0x0000000082e00000|  0%| F|  |TAMS 0x0000000082d00000, 0x0000000082d00000| Untracked 
|  46|0x0000000082e00000, 0x0000000082f00000, 0x0000000082f00000|100%| O|  |TAMS 0x0000000082f00000, 0x0000000082e00000| Complete 
|  47|0x0000000082f00000, 0x0000000083000000, 0x0000000083000000|100%| O|  |TAMS 0x0000000083000000, 0x0000000082f00000| Untracked 
|  48|0x0000000083000000, 0x0000000083100000, 0x0000000083100000|100%| O|  |TAMS 0x0000000083100000, 0x0000000083000000| Complete 
|  49|0x0000000083100000, 0x0000000083200000, 0x0000000083200000|100%| O|  |TAMS 0x0000000083200000, 0x0000000083100000| Complete 
|  50|0x0000000083200000, 0x0000000083200000, 0x0000000083300000|  0%| F|  |TAMS 0x0000000083200000, 0x0000000083200000| Untracked 
|  51|0x0000000083300000, 0x0000000083400000, 0x0000000083400000|100%| O|  |TAMS 0x0000000083400000, 0x0000000083300000| Complete 
|  52|0x0000000083400000, 0x0000000083500000, 0x0000000083500000|100%| O|  |TAMS 0x0000000083500000, 0x0000000083400000| Complete 
|  53|0x0000000083500000, 0x0000000083600000, 0x0000000083600000|100%| O|  |TAMS 0x0000000083600000, 0x0000000083500000| Untracked 
|  54|0x0000000083600000, 0x0000000083700000, 0x0000000083700000|100%| O|  |TAMS 0x0000000083700000, 0x0000000083600000| Complete 
|  55|0x0000000083700000, 0x0000000083800000, 0x0000000083800000|100%| O|  |TAMS 0x0000000083800000, 0x0000000083700000| Untracked 
|  56|0x0000000083800000, 0x0000000083900000, 0x0000000083900000|100%| O|  |TAMS 0x0000000083900000, 0x0000000083800000| Untracked 
|  57|0x0000000083900000, 0x0000000083a00000, 0x0000000083a00000|100%| O|  |TAMS 0x0000000083a00000, 0x0000000083900000| Untracked 
|  58|0x0000000083a00000, 0x0000000083a00000, 0x0000000083b00000|  0%| F|  |TAMS 0x0000000083a00000, 0x0000000083a00000| Untracked 
|  59|0x0000000083b00000, 0x0000000083c00000, 0x0000000083c00000|100%| O|  |TAMS 0x0000000083c00000, 0x0000000083b00000| Untracked 
|  60|0x0000000083c00000, 0x0000000083d00000, 0x0000000083d00000|100%| O|  |TAMS 0x0000000083d00000, 0x0000000083c00000| Untracked 
|  61|0x0000000083d00000, 0x0000000083e00000, 0x0000000083e00000|100%| O|  |TAMS 0x0000000083e00000, 0x0000000083d00000| Complete 
|  62|0x0000000083e00000, 0x0000000083f00000, 0x0000000083f00000|100%| O|  |TAMS 0x0000000083f00000, 0x0000000083e00000| Untracked 
|  63|0x0000000083f00000, 0x0000000084000000, 0x0000000084000000|100%| O|  |TAMS 0x0000000084000000, 0x0000000083f00000| Complete 
|  64|0x0000000084000000, 0x0000000084100000, 0x0000000084100000|100%| O|  |TAMS 0x0000000084100000, 0x0000000084000000| Complete 
|  65|0x0000000084100000, 0x0000000084200000, 0x0000000084200000|100%| O|  |TAMS 0x0000000084200000, 0x0000000084100000| Complete 
|  66|0x0000000084200000, 0x0000000084300000, 0x0000000084300000|100%| O|  |TAMS 0x0000000084300000, 0x0000000084200000| Untracked 
|  67|0x0000000084300000, 0x0000000084400000, 0x0000000084400000|100%| O|  |TAMS 0x0000000084400000, 0x0000000084300000| Untracked 
|  68|0x0000000084400000, 0x0000000084500000, 0x0000000084500000|100%| O|  |TAMS 0x0000000084500000, 0x0000000084400000| Untracked 
|  69|0x0000000084500000, 0x0000000084600000, 0x0000000084600000|100%| O|  |TAMS 0x0000000084600000, 0x0000000084500000| Untracked 
|  70|0x0000000084600000, 0x0000000084700000, 0x0000000084700000|100%| O|  |TAMS 0x0000000084700000, 0x0000000084600000| Complete 
|  71|0x0000000084700000, 0x0000000084800000, 0x0000000084800000|100%| O|  |TAMS 0x0000000084800000, 0x0000000084700000| Complete 
|  72|0x0000000084800000, 0x0000000084800000, 0x0000000084900000|  0%| F|  |TAMS 0x0000000084800000, 0x0000000084800000| Untracked 
|  73|0x0000000084900000, 0x0000000084a00000, 0x0000000084a00000|100%| O|  |TAMS 0x0000000084a00000, 0x0000000084900000| Untracked 
|  74|0x0000000084a00000, 0x0000000084b00000, 0x0000000084b00000|100%| O|  |TAMS 0x0000000084b00000, 0x0000000084a00000| Untracked 
|  75|0x0000000084b00000, 0x0000000084c00000, 0x0000000084c00000|100%| O|  |TAMS 0x0000000084c00000, 0x0000000084b00000| Complete 
|  76|0x0000000084c00000, 0x0000000084d00000, 0x0000000084d00000|100%| O|  |TAMS 0x0000000084d00000, 0x0000000084c00000| Complete 
|  77|0x0000000084d00000, 0x0000000084e00000, 0x0000000084e00000|100%| O|  |TAMS 0x0000000084e00000, 0x0000000084d00000| Complete 
|  78|0x0000000084e00000, 0x0000000084f00000, 0x0000000084f00000|100%| O|  |TAMS 0x0000000084f00000, 0x0000000084e00000| Complete 
|  79|0x0000000084f00000, 0x0000000085000000, 0x0000000085000000|100%| O|  |TAMS 0x0000000085000000, 0x0000000084f00000| Complete 
|  80|0x0000000085000000, 0x0000000085100000, 0x0000000085100000|100%| O|  |TAMS 0x0000000085100000, 0x0000000085000000| Untracked 
|  81|0x0000000085100000, 0x0000000085200000, 0x0000000085200000|100%| O|  |TAMS 0x0000000085200000, 0x0000000085100000| Complete 
|  82|0x0000000085200000, 0x0000000085200000, 0x0000000085300000|  0%| F|  |TAMS 0x0000000085200000, 0x0000000085200000| Untracked 
|  83|0x0000000085300000, 0x0000000085400000, 0x0000000085400000|100%| O|  |TAMS 0x0000000085400000, 0x0000000085300000| Untracked 
|  84|0x0000000085400000, 0x0000000085500000, 0x0000000085500000|100%|HS|  |TAMS 0x0000000085400000, 0x0000000085400000| Complete 
|  85|0x0000000085500000, 0x0000000085600000, 0x0000000085600000|100%|HC|  |TAMS 0x0000000085500000, 0x0000000085500000| Complete 
|  86|0x0000000085600000, 0x0000000085700000, 0x0000000085700000|100%| O|  |TAMS 0x0000000085700000, 0x0000000085600000| Complete 
|  87|0x0000000085700000, 0x0000000085800000, 0x0000000085800000|100%| O|  |TAMS 0x0000000085800000, 0x0000000085700000| Complete 
|  88|0x0000000085800000, 0x0000000085900000, 0x0000000085900000|100%| O|  |TAMS 0x0000000085900000, 0x0000000085800000| Untracked 
|  89|0x0000000085900000, 0x0000000085a00000, 0x0000000085a00000|100%| O|  |TAMS 0x0000000085a00000, 0x0000000085900000| Complete 
|  90|0x0000000085a00000, 0x0000000085b00000, 0x0000000085b00000|100%| O|  |TAMS 0x0000000085b00000, 0x0000000085a00000| Complete 
|  91|0x0000000085b00000, 0x0000000085c00000, 0x0000000085c00000|100%|HS|  |TAMS 0x0000000085b00000, 0x0000000085b00000| Complete 
|  92|0x0000000085c00000, 0x0000000085d00000, 0x0000000085d00000|100%|HC|  |TAMS 0x0000000085c00000, 0x0000000085c00000| Complete 
|  93|0x0000000085d00000, 0x0000000085d00000, 0x0000000085e00000|  0%| F|  |TAMS 0x0000000085d00000, 0x0000000085d00000| Untracked 
|  94|0x0000000085e00000, 0x0000000085f00000, 0x0000000085f00000|100%| O|  |TAMS 0x0000000085f00000, 0x0000000085e00000| Complete 
|  95|0x0000000085f00000, 0x0000000086000000, 0x0000000086000000|100%| O|  |TAMS 0x0000000086000000, 0x0000000085f00000| Untracked 
|  96|0x0000000086000000, 0x0000000086100000, 0x0000000086100000|100%| O|  |TAMS 0x0000000086100000, 0x0000000086000000| Untracked 
|  97|0x0000000086100000, 0x0000000086100000, 0x0000000086200000|  0%| F|  |TAMS 0x0000000086100000, 0x0000000086100000| Untracked 
|  98|0x0000000086200000, 0x0000000086300000, 0x0000000086300000|100%| O|  |TAMS 0x0000000086300000, 0x0000000086200000| Complete 
|  99|0x0000000086300000, 0x0000000086400000, 0x0000000086400000|100%| O|  |TAMS 0x0000000086400000, 0x0000000086300000| Complete 
| 100|0x0000000086400000, 0x0000000086500000, 0x0000000086500000|100%| O|  |TAMS 0x0000000086500000, 0x0000000086400000| Untracked 
| 101|0x0000000086500000, 0x0000000086600000, 0x0000000086600000|100%| O|  |TAMS 0x0000000086600000, 0x0000000086500000| Complete 
| 102|0x0000000086600000, 0x0000000086700000, 0x0000000086700000|100%| O|  |TAMS 0x0000000086700000, 0x0000000086600000| Untracked 
| 103|0x0000000086700000, 0x0000000086800000, 0x0000000086800000|100%| O|  |TAMS 0x0000000086800000, 0x0000000086700000| Untracked 
| 104|0x0000000086800000, 0x0000000086900000, 0x0000000086900000|100%| O|  |TAMS 0x0000000086900000, 0x0000000086800000| Untracked 
| 105|0x0000000086900000, 0x0000000086a00000, 0x0000000086a00000|100%| O|  |TAMS 0x0000000086a00000, 0x0000000086900000| Complete 
| 106|0x0000000086a00000, 0x0000000086b00000, 0x0000000086b00000|100%| O|  |TAMS 0x0000000086b00000, 0x0000000086a00000| Complete 
| 107|0x0000000086b00000, 0x0000000086c00000, 0x0000000086c00000|100%| O|  |TAMS 0x0000000086c00000, 0x0000000086b00000| Untracked 
| 108|0x0000000086c00000, 0x0000000086d00000, 0x0000000086d00000|100%| O|  |TAMS 0x0000000086d00000, 0x0000000086c00000| Untracked 
| 109|0x0000000086d00000, 0x0000000086d77c00, 0x0000000086e00000| 46%| O|  |TAMS 0x0000000086d77c00, 0x0000000086d00000| Untracked 
| 110|0x0000000086e00000, 0x0000000086e00000, 0x0000000086f00000|  0%| F|  |TAMS 0x0000000086e00000, 0x0000000086e00000| Untracked 
| 111|0x0000000086f00000, 0x0000000087000000, 0x0000000087000000|100%| O|  |TAMS 0x0000000087000000, 0x0000000086f00000| Complete 
| 112|0x0000000087000000, 0x0000000087100000, 0x0000000087100000|100%|HS|  |TAMS 0x0000000087000000, 0x0000000087000000| Complete 
| 113|0x0000000087100000, 0x0000000087200000, 0x0000000087200000|100%|HC|  |TAMS 0x0000000087100000, 0x0000000087100000| Complete 
| 114|0x0000000087200000, 0x0000000087300000, 0x0000000087300000|100%| O|  |TAMS 0x0000000087300000, 0x0000000087200000| Complete 
| 115|0x0000000087300000, 0x0000000087400000, 0x0000000087400000|100%| O|  |TAMS 0x0000000087400000, 0x0000000087300000| Untracked 
| 116|0x0000000087400000, 0x0000000087500000, 0x0000000087500000|100%| O|  |TAMS 0x0000000087500000, 0x0000000087400000| Complete 
| 117|0x0000000087500000, 0x0000000087600000, 0x0000000087600000|100%| O|  |TAMS 0x0000000087600000, 0x0000000087500000| Complete 
| 118|0x0000000087600000, 0x0000000087700000, 0x0000000087700000|100%| O|  |TAMS 0x0000000087700000, 0x0000000087600000| Complete 
| 119|0x0000000087700000, 0x0000000087800000, 0x0000000087800000|100%|HS|  |TAMS 0x0000000087700000, 0x0000000087700000| Complete 
| 120|0x0000000087800000, 0x0000000087900000, 0x0000000087900000|100%|HC|  |TAMS 0x0000000087800000, 0x0000000087800000| Complete 
| 121|0x0000000087900000, 0x0000000087a00000, 0x0000000087a00000|100%|HS|  |TAMS 0x0000000087900000, 0x0000000087900000| Complete 
| 122|0x0000000087a00000, 0x0000000087b00000, 0x0000000087b00000|100%|HC|  |TAMS 0x0000000087a00000, 0x0000000087a00000| Complete 
| 123|0x0000000087b00000, 0x0000000087c00000, 0x0000000087c00000|100%| O|  |TAMS 0x0000000087c00000, 0x0000000087b00000| Complete 
| 124|0x0000000087c00000, 0x0000000087d00000, 0x0000000087d00000|100%| O|  |TAMS 0x0000000087d00000, 0x0000000087c00000| Complete 
| 125|0x0000000087d00000, 0x0000000087e00000, 0x0000000087e00000|100%| O|  |TAMS 0x0000000087e00000, 0x0000000087d00000| Complete 
| 126|0x0000000087e00000, 0x0000000087f00000, 0x0000000087f00000|100%| O|  |TAMS 0x0000000087f00000, 0x0000000087e00000| Untracked 
| 127|0x0000000087f00000, 0x0000000087f00000, 0x0000000088000000|  0%| F|  |TAMS 0x0000000087f00000, 0x0000000087f00000| Untracked 
| 128|0x0000000088000000, 0x0000000088100000, 0x0000000088100000|100%| O|  |TAMS 0x0000000088100000, 0x0000000088000000| Complete 
| 129|0x0000000088100000, 0x0000000088200000, 0x0000000088200000|100%| O|  |TAMS 0x0000000088200000, 0x0000000088100000| Complete 
| 130|0x0000000088200000, 0x0000000088300000, 0x0000000088300000|100%| O|  |TAMS 0x0000000088300000, 0x0000000088200000| Untracked 
| 131|0x0000000088300000, 0x0000000088400000, 0x0000000088400000|100%| O|  |TAMS 0x0000000088400000, 0x0000000088300000| Untracked 
| 132|0x0000000088400000, 0x0000000088500000, 0x0000000088500000|100%| O|  |TAMS 0x0000000088500000, 0x0000000088400000| Untracked 
| 133|0x0000000088500000, 0x0000000088600000, 0x0000000088600000|100%| O|  |TAMS 0x0000000088600000, 0x0000000088500000| Untracked 
| 134|0x0000000088600000, 0x0000000088700000, 0x0000000088700000|100%| O|  |TAMS 0x0000000088700000, 0x0000000088600000| Untracked 
| 135|0x0000000088700000, 0x0000000088800000, 0x0000000088800000|100%|HS|  |TAMS 0x0000000088700000, 0x0000000088700000| Complete 
| 136|0x0000000088800000, 0x0000000088900000, 0x0000000088900000|100%|HC|  |TAMS 0x0000000088800000, 0x0000000088800000| Complete 
| 137|0x0000000088900000, 0x0000000088900000, 0x0000000088a00000|  0%| F|  |TAMS 0x0000000088900000, 0x0000000088900000| Untracked 
| 138|0x0000000088a00000, 0x0000000088b00000, 0x0000000088b00000|100%| O|  |TAMS 0x0000000088b00000, 0x0000000088a00000| Complete 
| 139|0x0000000088b00000, 0x0000000088c00000, 0x0000000088c00000|100%|HS|  |TAMS 0x0000000088b00000, 0x0000000088b00000| Complete 
| 140|0x0000000088c00000, 0x0000000088d00000, 0x0000000088d00000|100%|HC|  |TAMS 0x0000000088c00000, 0x0000000088c00000| Complete 
| 141|0x0000000088d00000, 0x0000000088e00000, 0x0000000088e00000|100%|HS|  |TAMS 0x0000000088d00000, 0x0000000088d00000| Complete 
| 142|0x0000000088e00000, 0x0000000088f00000, 0x0000000088f00000|100%|HC|  |TAMS 0x0000000088e00000, 0x0000000088e00000| Complete 
| 143|0x0000000088f00000, 0x0000000088f00000, 0x0000000089000000|  0%| F|  |TAMS 0x0000000088f00000, 0x0000000088f00000| Untracked 
| 144|0x0000000089000000, 0x0000000089100000, 0x0000000089100000|100%| O|  |TAMS 0x0000000089100000, 0x0000000089000000| Untracked 
| 145|0x0000000089100000, 0x0000000089200000, 0x0000000089200000|100%|HS|  |TAMS 0x0000000089100000, 0x0000000089100000| Complete 
| 146|0x0000000089200000, 0x0000000089300000, 0x0000000089300000|100%|HC|  |TAMS 0x0000000089200000, 0x0000000089200000| Complete 
| 147|0x0000000089300000, 0x0000000089300000, 0x0000000089400000|  0%| F|  |TAMS 0x0000000089300000, 0x0000000089300000| Untracked 
| 148|0x0000000089400000, 0x0000000089400000, 0x0000000089500000|  0%| F|  |TAMS 0x0000000089400000, 0x0000000089400000| Untracked 
| 149|0x0000000089500000, 0x0000000089500000, 0x0000000089600000|  0%| F|  |TAMS 0x0000000089500000, 0x0000000089500000| Untracked 
| 150|0x0000000089600000, 0x0000000089600000, 0x0000000089700000|  0%| F|  |TAMS 0x0000000089600000, 0x0000000089600000| Untracked 
| 151|0x0000000089700000, 0x0000000089700000, 0x0000000089800000|  0%| F|  |TAMS 0x0000000089700000, 0x0000000089700000| Untracked 
| 152|0x0000000089800000, 0x0000000089800000, 0x0000000089900000|  0%| F|  |TAMS 0x0000000089800000, 0x0000000089800000| Untracked 
| 153|0x0000000089900000, 0x0000000089a00000, 0x0000000089a00000|100%| O|  |TAMS 0x0000000089a00000, 0x0000000089900000| Complete 
| 154|0x0000000089a00000, 0x0000000089a00000, 0x0000000089b00000|  0%| F|  |TAMS 0x0000000089a00000, 0x0000000089a00000| Untracked 
| 155|0x0000000089b00000, 0x0000000089b00000, 0x0000000089c00000|  0%| F|  |TAMS 0x0000000089b00000, 0x0000000089b00000| Untracked 
| 156|0x0000000089c00000, 0x0000000089c00000, 0x0000000089d00000|  0%| F|  |TAMS 0x0000000089c00000, 0x0000000089c00000| Untracked 
| 157|0x0000000089d00000, 0x0000000089d00000, 0x0000000089e00000|  0%| F|  |TAMS 0x0000000089d00000, 0x0000000089d00000| Untracked 
| 158|0x0000000089e00000, 0x0000000089e00000, 0x0000000089f00000|  0%| F|  |TAMS 0x0000000089e00000, 0x0000000089e00000| Untracked 
| 159|0x0000000089f00000, 0x0000000089f00000, 0x000000008a000000|  0%| F|  |TAMS 0x0000000089f00000, 0x0000000089f00000| Untracked 
| 160|0x000000008a000000, 0x000000008a100000, 0x000000008a100000|100%| O|  |TAMS 0x000000008a100000, 0x000000008a000000| Complete 
| 161|0x000000008a100000, 0x000000008a100000, 0x000000008a200000|  0%| F|  |TAMS 0x000000008a100000, 0x000000008a100000| Untracked 
| 162|0x000000008a200000, 0x000000008a200000, 0x000000008a300000|  0%| F|  |TAMS 0x000000008a200000, 0x000000008a200000| Untracked 
| 163|0x000000008a300000, 0x000000008a300000, 0x000000008a400000|  0%| F|  |TAMS 0x000000008a300000, 0x000000008a300000| Untracked 
| 164|0x000000008a400000, 0x000000008a400000, 0x000000008a500000|  0%| F|  |TAMS 0x000000008a400000, 0x000000008a400000| Untracked 
| 165|0x000000008a500000, 0x000000008a500000, 0x000000008a600000|  0%| F|  |TAMS 0x000000008a500000, 0x000000008a500000| Untracked 
| 166|0x000000008a600000, 0x000000008a600000, 0x000000008a700000|  0%| F|  |TAMS 0x000000008a600000, 0x000000008a600000| Untracked 
| 167|0x000000008a700000, 0x000000008a700000, 0x000000008a800000|  0%| F|  |TAMS 0x000000008a700000, 0x000000008a700000| Untracked 
| 168|0x000000008a800000, 0x000000008a900000, 0x000000008a900000|100%| O|  |TAMS 0x000000008a900000, 0x000000008a800000| Untracked 
| 169|0x000000008a900000, 0x000000008aa00000, 0x000000008aa00000|100%| O|  |TAMS 0x000000008aa00000, 0x000000008a900000| Complete 
| 170|0x000000008aa00000, 0x000000008ab00000, 0x000000008ab00000|100%| O|  |TAMS 0x000000008ab00000, 0x000000008aa00000| Untracked 
| 171|0x000000008ab00000, 0x000000008ac00000, 0x000000008ac00000|100%| O|  |TAMS 0x000000008ac00000, 0x000000008ab00000| Untracked 
| 172|0x000000008ac00000, 0x000000008ad00000, 0x000000008ad00000|100%| O|  |TAMS 0x000000008ad00000, 0x000000008ac00000| Complete 
| 173|0x000000008ad00000, 0x000000008ad00000, 0x000000008ae00000|  0%| F|  |TAMS 0x000000008ad00000, 0x000000008ad00000| Untracked 
| 174|0x000000008ae00000, 0x000000008ae00000, 0x000000008af00000|  0%| F|  |TAMS 0x000000008ae00000, 0x000000008ae00000| Untracked 
| 175|0x000000008af00000, 0x000000008af00000, 0x000000008b000000|  0%| F|  |TAMS 0x000000008af00000, 0x000000008af00000| Untracked 
| 176|0x000000008b000000, 0x000000008b000000, 0x000000008b100000|  0%| F|  |TAMS 0x000000008b000000, 0x000000008b000000| Untracked 
| 177|0x000000008b100000, 0x000000008b1f1670, 0x000000008b200000| 94%| S|CS|TAMS 0x000000008b100000, 0x000000008b100000| Complete 
| 178|0x000000008b200000, 0x000000008b300000, 0x000000008b300000|100%| S|CS|TAMS 0x000000008b200000, 0x000000008b200000| Complete 
| 179|0x000000008b300000, 0x000000008b400000, 0x000000008b400000|100%| S|CS|TAMS 0x000000008b300000, 0x000000008b300000| Complete 
| 180|0x000000008b400000, 0x000000008b500000, 0x000000008b500000|100%| S|CS|TAMS 0x000000008b400000, 0x000000008b400000| Complete 
| 181|0x000000008b500000, 0x000000008b600000, 0x000000008b600000|100%| S|CS|TAMS 0x000000008b500000, 0x000000008b500000| Complete 
| 182|0x000000008b600000, 0x000000008b600000, 0x000000008b700000|  0%| F|  |TAMS 0x000000008b600000, 0x000000008b600000| Untracked 
| 183|0x000000008b700000, 0x000000008b700000, 0x000000008b800000|  0%| F|  |TAMS 0x000000008b700000, 0x000000008b700000| Untracked 
| 184|0x000000008b800000, 0x000000008b800000, 0x000000008b900000|  0%| F|  |TAMS 0x000000008b800000, 0x000000008b800000| Untracked 
| 185|0x000000008b900000, 0x000000008b900000, 0x000000008ba00000|  0%| F|  |TAMS 0x000000008b900000, 0x000000008b900000| Untracked 
| 186|0x000000008ba00000, 0x000000008ba00000, 0x000000008bb00000|  0%| F|  |TAMS 0x000000008ba00000, 0x000000008ba00000| Untracked 
| 187|0x000000008bb00000, 0x000000008bb00000, 0x000000008bc00000|  0%| F|  |TAMS 0x000000008bb00000, 0x000000008bb00000| Untracked 
| 188|0x000000008bc00000, 0x000000008bc00000, 0x000000008bd00000|  0%| F|  |TAMS 0x000000008bc00000, 0x000000008bc00000| Untracked 
| 189|0x000000008bd00000, 0x000000008bd00000, 0x000000008be00000|  0%| F|  |TAMS 0x000000008bd00000, 0x000000008bd00000| Untracked 
| 190|0x000000008be00000, 0x000000008be00000, 0x000000008bf00000|  0%| F|  |TAMS 0x000000008be00000, 0x000000008be00000| Untracked 
| 191|0x000000008bf00000, 0x000000008bf00000, 0x000000008c000000|  0%| F|  |TAMS 0x000000008bf00000, 0x000000008bf00000| Untracked 
| 192|0x000000008c000000, 0x000000008c000000, 0x000000008c100000|  0%| F|  |TAMS 0x000000008c000000, 0x000000008c000000| Untracked 
| 193|0x000000008c100000, 0x000000008c100000, 0x000000008c200000|  0%| F|  |TAMS 0x000000008c100000, 0x000000008c100000| Untracked 
| 194|0x000000008c200000, 0x000000008c200000, 0x000000008c300000|  0%| F|  |TAMS 0x000000008c200000, 0x000000008c200000| Untracked 
| 195|0x000000008c300000, 0x000000008c300000, 0x000000008c400000|  0%| F|  |TAMS 0x000000008c300000, 0x000000008c300000| Untracked 
| 196|0x000000008c400000, 0x000000008c42aeb0, 0x000000008c500000| 16%| E|  |TAMS 0x000000008c400000, 0x000000008c400000| Complete 
| 197|0x000000008c500000, 0x000000008c600000, 0x000000008c600000|100%| E|CS|TAMS 0x000000008c500000, 0x000000008c500000| Complete 
| 198|0x000000008c600000, 0x000000008c700000, 0x000000008c700000|100%| E|CS|TAMS 0x000000008c600000, 0x000000008c600000| Complete 
| 199|0x000000008c700000, 0x000000008c800000, 0x000000008c800000|100%| E|CS|TAMS 0x000000008c700000, 0x000000008c700000| Complete 
| 200|0x000000008c800000, 0x000000008c900000, 0x000000008c900000|100%| E|CS|TAMS 0x000000008c800000, 0x000000008c800000| Complete 
| 201|0x000000008c900000, 0x000000008ca00000, 0x000000008ca00000|100%| E|CS|TAMS 0x000000008c900000, 0x000000008c900000| Complete 
| 202|0x000000008ca00000, 0x000000008cb00000, 0x000000008cb00000|100%| E|CS|TAMS 0x000000008ca00000, 0x000000008ca00000| Complete 
| 203|0x000000008cb00000, 0x000000008cc00000, 0x000000008cc00000|100%| E|CS|TAMS 0x000000008cb00000, 0x000000008cb00000| Complete 
| 204|0x000000008cc00000, 0x000000008cd00000, 0x000000008cd00000|100%| E|CS|TAMS 0x000000008cc00000, 0x000000008cc00000| Complete 
| 205|0x000000008cd00000, 0x000000008ce00000, 0x000000008ce00000|100%| E|CS|TAMS 0x000000008cd00000, 0x000000008cd00000| Complete 
| 206|0x000000008ce00000, 0x000000008cf00000, 0x000000008cf00000|100%| E|CS|TAMS 0x000000008ce00000, 0x000000008ce00000| Complete 
| 207|0x000000008cf00000, 0x000000008d000000, 0x000000008d000000|100%| E|CS|TAMS 0x000000008cf00000, 0x000000008cf00000| Complete 
| 208|0x000000008d000000, 0x000000008d100000, 0x000000008d100000|100%| E|CS|TAMS 0x000000008d000000, 0x000000008d000000| Complete 
| 209|0x000000008d100000, 0x000000008d200000, 0x000000008d200000|100%| E|CS|TAMS 0x000000008d100000, 0x000000008d100000| Complete 
| 210|0x000000008d200000, 0x000000008d300000, 0x000000008d300000|100%| E|CS|TAMS 0x000000008d200000, 0x000000008d200000| Complete 
| 211|0x000000008d300000, 0x000000008d400000, 0x000000008d400000|100%| E|CS|TAMS 0x000000008d300000, 0x000000008d300000| Complete 
| 212|0x000000008d400000, 0x000000008d500000, 0x000000008d500000|100%| E|CS|TAMS 0x000000008d400000, 0x000000008d400000| Complete 
| 213|0x000000008d500000, 0x000000008d600000, 0x000000008d600000|100%| E|CS|TAMS 0x000000008d500000, 0x000000008d500000| Complete 
| 214|0x000000008d600000, 0x000000008d700000, 0x000000008d700000|100%| E|CS|TAMS 0x000000008d600000, 0x000000008d600000| Complete 
| 215|0x000000008d700000, 0x000000008d800000, 0x000000008d800000|100%| E|CS|TAMS 0x000000008d700000, 0x000000008d700000| Complete 
| 216|0x000000008d800000, 0x000000008d900000, 0x000000008d900000|100%| E|CS|TAMS 0x000000008d800000, 0x000000008d800000| Complete 
| 217|0x000000008d900000, 0x000000008da00000, 0x000000008da00000|100%| E|CS|TAMS 0x000000008d900000, 0x000000008d900000| Complete 
| 218|0x000000008da00000, 0x000000008db00000, 0x000000008db00000|100%| E|CS|TAMS 0x000000008da00000, 0x000000008da00000| Complete 
| 219|0x000000008db00000, 0x000000008dc00000, 0x000000008dc00000|100%| E|CS|TAMS 0x000000008db00000, 0x000000008db00000| Complete 
| 220|0x000000008dc00000, 0x000000008dd00000, 0x000000008dd00000|100%| E|CS|TAMS 0x000000008dc00000, 0x000000008dc00000| Complete 
| 221|0x000000008dd00000, 0x000000008de00000, 0x000000008de00000|100%| E|CS|TAMS 0x000000008dd00000, 0x000000008dd00000| Complete 
| 222|0x000000008de00000, 0x000000008df00000, 0x000000008df00000|100%| E|CS|TAMS 0x000000008de00000, 0x000000008de00000| Complete 
| 223|0x000000008df00000, 0x000000008e000000, 0x000000008e000000|100%| E|CS|TAMS 0x000000008df00000, 0x000000008df00000| Complete 
| 224|0x000000008e000000, 0x000000008e100000, 0x000000008e100000|100%| E|CS|TAMS 0x000000008e000000, 0x000000008e000000| Complete 
| 225|0x000000008e100000, 0x000000008e200000, 0x000000008e200000|100%| E|  |TAMS 0x000000008e100000, 0x000000008e100000| Complete 
| 226|0x000000008e200000, 0x000000008e300000, 0x000000008e300000|100%| E|CS|TAMS 0x000000008e200000, 0x000000008e200000| Complete 
| 227|0x000000008e300000, 0x000000008e400000, 0x000000008e400000|100%| E|CS|TAMS 0x000000008e300000, 0x000000008e300000| Complete 
| 228|0x000000008e400000, 0x000000008e500000, 0x000000008e500000|100%| E|CS|TAMS 0x000000008e400000, 0x000000008e400000| Complete 
| 229|0x000000008e500000, 0x000000008e600000, 0x000000008e600000|100%| E|CS|TAMS 0x000000008e500000, 0x000000008e500000| Complete 
| 230|0x000000008e600000, 0x000000008e700000, 0x000000008e700000|100%| E|CS|TAMS 0x000000008e600000, 0x000000008e600000| Complete 
| 231|0x000000008e700000, 0x000000008e800000, 0x000000008e800000|100%| E|CS|TAMS 0x000000008e700000, 0x000000008e700000| Complete 
| 232|0x000000008e800000, 0x000000008e900000, 0x000000008e900000|100%| E|CS|TAMS 0x000000008e800000, 0x000000008e800000| Complete 
| 233|0x000000008e900000, 0x000000008ea00000, 0x000000008ea00000|100%| E|CS|TAMS 0x000000008e900000, 0x000000008e900000| Complete 
| 234|0x000000008ea00000, 0x000000008eb00000, 0x000000008eb00000|100%| E|CS|TAMS 0x000000008ea00000, 0x000000008ea00000| Complete 
| 235|0x000000008eb00000, 0x000000008ec00000, 0x000000008ec00000|100%| E|CS|TAMS 0x000000008eb00000, 0x000000008eb00000| Complete 
| 236|0x000000008ec00000, 0x000000008ed00000, 0x000000008ed00000|100%| E|CS|TAMS 0x000000008ec00000, 0x000000008ec00000| Complete 
| 237|0x000000008ed00000, 0x000000008ee00000, 0x000000008ee00000|100%| E|CS|TAMS 0x000000008ed00000, 0x000000008ed00000| Complete 
| 238|0x000000008ee00000, 0x000000008ef00000, 0x000000008ef00000|100%| E|CS|TAMS 0x000000008ee00000, 0x000000008ee00000| Complete 
| 239|0x000000008ef00000, 0x000000008f000000, 0x000000008f000000|100%| E|CS|TAMS 0x000000008ef00000, 0x000000008ef00000| Complete 
| 240|0x000000008f000000, 0x000000008f100000, 0x000000008f100000|100%| E|CS|TAMS 0x000000008f000000, 0x000000008f000000| Complete 
| 241|0x000000008f100000, 0x000000008f200000, 0x000000008f200000|100%| E|CS|TAMS 0x000000008f100000, 0x000000008f100000| Complete 
| 242|0x000000008f200000, 0x000000008f300000, 0x000000008f300000|100%| E|CS|TAMS 0x000000008f200000, 0x000000008f200000| Complete 
| 243|0x000000008f300000, 0x000000008f400000, 0x000000008f400000|100%| E|CS|TAMS 0x000000008f300000, 0x000000008f300000| Complete 
| 244|0x000000008f400000, 0x000000008f500000, 0x000000008f500000|100%| E|CS|TAMS 0x000000008f400000, 0x000000008f400000| Complete 
| 245|0x000000008f500000, 0x000000008f600000, 0x000000008f600000|100%| E|CS|TAMS 0x000000008f500000, 0x000000008f500000| Complete 
| 246|0x000000008f600000, 0x000000008f700000, 0x000000008f700000|100%| E|CS|TAMS 0x000000008f600000, 0x000000008f600000| Complete 
| 247|0x000000008f700000, 0x000000008f800000, 0x000000008f800000|100%| E|CS|TAMS 0x000000008f700000, 0x000000008f700000| Complete 
| 248|0x000000008f800000, 0x000000008f900000, 0x000000008f900000|100%| E|CS|TAMS 0x000000008f800000, 0x000000008f800000| Complete 
| 249|0x000000008f900000, 0x000000008fa00000, 0x000000008fa00000|100%| E|CS|TAMS 0x000000008f900000, 0x000000008f900000| Complete 
| 250|0x000000008fa00000, 0x000000008fb00000, 0x000000008fb00000|100%| E|CS|TAMS 0x000000008fa00000, 0x000000008fa00000| Complete 
| 251|0x000000008fb00000, 0x000000008fc00000, 0x000000008fc00000|100%| E|CS|TAMS 0x000000008fb00000, 0x000000008fb00000| Complete 
| 252|0x000000008fc00000, 0x000000008fd00000, 0x000000008fd00000|100%| E|CS|TAMS 0x000000008fc00000, 0x000000008fc00000| Complete 
| 253|0x000000008fd00000, 0x000000008fe00000, 0x000000008fe00000|100%| E|CS|TAMS 0x000000008fd00000, 0x000000008fd00000| Complete 

Card table byte_map: [0x000001a96fef0000,0x000001a9702f0000] _byte_map_base: 0x000001a96faf0000

Marking Bits (Prev, Next): (CMBitMap*) 0x000001a95cd15a48, (CMBitMap*) 0x000001a95cd15a80
 Prev Bits: [0x000001a9706f0000, 0x000001a9726f0000)
 Next Bits: [0x000001a9726f0000, 0x000001a9746f0000)

Polling page: 0x000001a95c4b0000

Metaspace:

Usage:
  Non-class:    118.80 MB capacity,   116.11 MB ( 98%) used,     2.19 MB (  2%) free+waste,   515.13 KB ( <1%) overhead. 
      Class:     18.22 MB capacity,    16.65 MB ( 91%) used,     1.35 MB (  7%) free+waste,   229.50 KB (  1%) overhead. 
       Both:    137.02 MB capacity,   132.76 MB ( 97%) used,     3.54 MB (  3%) free+waste,   744.63 KB ( <1%) overhead. 

Virtual space:
  Non-class space:      120.00 MB reserved,     119.00 MB (>99%) committed 
      Class space:        1.00 GB reserved,      18.32 MB (  2%) committed 
             Both:        1.12 GB reserved,     137.32 MB ( 12%) committed 

Chunk freelists:
   Non-Class:  0 bytes
       Class:  0 bytes
        Both:  0 bytes

MaxMetaspaceSize: 17179869184.00 GB
CompressedClassSpaceSize: 1.00 GB

CodeHeap 'non-profiled nmethods': size=120000Kb used=15303Kb max_used=15467Kb free=104696Kb
 bounds [0x000001a968290000, 0x000001a9691d0000, 0x000001a96f7c0000]
CodeHeap 'profiled nmethods': size=120000Kb used=49012Kb max_used=50200Kb free=70988Kb
 bounds [0x000001a960d60000, 0x000001a963e80000, 0x000001a968290000]
CodeHeap 'non-nmethods': size=5760Kb used=2401Kb max_used=2460Kb free=3358Kb
 bounds [0x000001a9607c0000, 0x000001a960a40000, 0x000001a960d60000]
 total_blobs=24032 nmethods=23007 adapters=934
 compilation: enabled
              stopped_count=0, restarted_count=0
 full_count=0

Compilation events (20 events):
Event: 437.441 Thread 0x000001a977a93000 26745       3       org.gradle.execution.plan.DefaultExecutionPlan::takePlanSnapshotIfCanBeRestoredToCurrentTask (41 bytes)
Event: 437.441 Thread 0x000001a977a93000 nmethod 26745 0x000001a961c86490 code [0x000001a961c866c0, 0x000001a961c87028]
Event: 437.441 Thread 0x000001a977a93000 26746       3       org.gradle.execution.plan.TaskNode::getAllSuccessorsInReverseOrder (35 bytes)
Event: 437.442 Thread 0x000001a977a93000 nmethod 26746 0x000001a961d1bc90 code [0x000001a961d1bee0, 0x000001a961d1cac8]
Event: 437.442 Thread 0x000001a977a93000 26747       3       org.gradle.execution.plan.Node::getAllSuccessorsInReverseOrder (10 bytes)
Event: 437.442 Thread 0x000001a977a93000 nmethod 26747 0x000001a961741210 code [0x000001a9617413c0, 0x000001a961741588]
Event: 437.442 Thread 0x000001a977a93000 26748       3       com.google.common.collect.Iterables::concat (8 bytes)
Event: 437.442 Thread 0x000001a977a93000 nmethod 26748 0x000001a961b7fd90 code [0x000001a961b7ffa0, 0x000001a961b80768]
Event: 437.443 Thread 0x000001a977a93000 26749       3       com.google.common.collect.CompactHashSet::getNext (3 bytes)
Event: 437.443 Thread 0x000001a977a93000 nmethod 26749 0x000001a960d9b890 code [0x000001a960d9ba40, 0x000001a960d9bb18]
Event: 437.443 Thread 0x000001a977a93000 26750       3       com.google.common.collect.CompactHashSet::moveEntry (149 bytes)
Event: 437.443 Thread 0x000001a977a93000 nmethod 26750 0x000001a961d2ae90 code [0x000001a961d2b0c0, 0x000001a961d2bad8]
Event: 437.443 Thread 0x000001a977a93000 26751       3       org.gradle.execution.plan.DefaultExecutionPlan$NodeMapping::add (44 bytes)
Event: 437.443 Thread 0x000001a977a93000 nmethod 26751 0x000001a961895e10 code [0x000001a961896000, 0x000001a961896538]
Event: 437.444 Thread 0x000001a977a93000 26752       3       com.google.common.collect.Iterables::removeIf (40 bytes)
Event: 437.444 Thread 0x000001a977a93000 nmethod 26752 0x000001a961e54690 code [0x000001a961e548c0, 0x000001a961e550b8]
Event: 437.444 Thread 0x000001a977a93000 26753       3       com.google.common.collect.CompactHashSet::remove (158 bytes)
Event: 437.445 Thread 0x000001a977a93000 nmethod 26753 0x000001a961e53590 code [0x000001a961e537e0, 0x000001a961e54158]
Event: 437.447 Thread 0x000001a977a93000 26754       3       org.gradle.api.internal.file.DefaultFilePropertyFactory$FixedDirectory::dir (42 bytes)
Event: 437.448 Thread 0x000001a977a93000 nmethod 26754 0x000001a961b82b10 code [0x000001a961b82d20, 0x000001a961b832e8]

GC Heap History (20 events):
Event: 369.570 GC heap before
{Heap before GC invocations=83 (full 0):
 garbage-first heap   total 260096K, used 157544K [0x0000000080000000, 0x0000000100000000)
  region size 1024K, 31 young (31744K), 2 survivors (2048K)
 Metaspace       used 134611K, capacity 138526K, committed 138700K, reserved 1169408K
  class space    used 16838K, capacity 18276K, committed 18380K, reserved 1048576K
}
Event: 369.580 GC heap after
{Heap after GC invocations=84 (full 0):
 garbage-first heap   total 260096K, used 132366K [0x0000000080000000, 0x0000000100000000)
  region size 1024K, 5 young (5120K), 5 survivors (5120K)
 Metaspace       used 134611K, capacity 138526K, committed 138700K, reserved 1169408K
  class space    used 16838K, capacity 18276K, committed 18380K, reserved 1048576K
}
Event: 371.170 GC heap before
{Heap before GC invocations=85 (full 0):
 garbage-first heap   total 260096K, used 214286K [0x0000000080000000, 0x0000000100000000)
  region size 1024K, 67 young (68608K), 5 survivors (5120K)
 Metaspace       used 134687K, capacity 138656K, committed 138956K, reserved 1169408K
  class space    used 16839K, capacity 18276K, committed 18380K, reserved 1048576K
}
Event: 371.178 GC heap after
{Heap after GC invocations=86 (full 0):
 garbage-first heap   total 260096K, used 135713K [0x0000000080000000, 0x0000000100000000)
  region size 1024K, 8 young (8192K), 8 survivors (8192K)
 Metaspace       used 134687K, capacity 138656K, committed 138956K, reserved 1169408K
  class space    used 16839K, capacity 18276K, committed 18380K, reserved 1048576K
}
Event: 371.190 GC heap before
{Heap before GC invocations=86 (full 0):
 garbage-first heap   total 260096K, used 138785K [0x0000000080000000, 0x0000000100000000)
  region size 1024K, 12 young (12288K), 8 survivors (8192K)
 Metaspace       used 134687K, capacity 138656K, committed 138956K, reserved 1169408K
  class space    used 16839K, capacity 18276K, committed 18380K, reserved 1048576K
}
Event: 371.205 GC heap after
{Heap after GC invocations=87 (full 0):
 garbage-first heap   total 260096K, used 126530K [0x0000000080000000, 0x0000000100000000)
  region size 1024K, 2 young (2048K), 2 survivors (2048K)
 Metaspace       used 134687K, capacity 138656K, committed 138956K, reserved 1169408K
  class space    used 16839K, capacity 18276K, committed 18380K, reserved 1048576K
}
Event: 371.447 GC heap before
{Heap before GC invocations=87 (full 0):
 garbage-first heap   total 260096K, used 195138K [0x0000000080000000, 0x0000000100000000)
  region size 1024K, 70 young (71680K), 2 survivors (2048K)
 Metaspace       used 134706K, capacity 138658K, committed 138956K, reserved 1169408K
  class space    used 16839K, capacity 18276K, committed 18380K, reserved 1048576K
}
Event: 371.460 GC heap after
{Heap after GC invocations=88 (full 0):
 garbage-first heap   total 260096K, used 130626K [0x0000000080000000, 0x0000000100000000)
  region size 1024K, 6 young (6144K), 6 survivors (6144K)
 Metaspace       used 134706K, capacity 138658K, committed 138956K, reserved 1169408K
  class space    used 16839K, capacity 18276K, committed 18380K, reserved 1048576K
}
Event: 389.463 GC heap before
{Heap before GC invocations=89 (full 0):
 garbage-first heap   total 260096K, used 218690K [0x0000000080000000, 0x0000000100000000)
  region size 1024K, 75 young (76800K), 6 survivors (6144K)
 Metaspace       used 135239K, capacity 139334K, committed 139596K, reserved 1171456K
  class space    used 16910K, capacity 18407K, committed 18508K, reserved 1048576K
}
Event: 389.471 GC heap after
{Heap after GC invocations=90 (full 0):
 garbage-first heap   total 260096K, used 132220K [0x0000000080000000, 0x0000000100000000)
  region size 1024K, 7 young (7168K), 7 survivors (7168K)
 Metaspace       used 135239K, capacity 139334K, committed 139596K, reserved 1171456K
  class space    used 16910K, capacity 18407K, committed 18508K, reserved 1048576K
}
Event: 389.517 GC heap before
{Heap before GC invocations=90 (full 0):
 garbage-first heap   total 260096K, used 137340K [0x0000000080000000, 0x0000000100000000)
  region size 1024K, 12 young (12288K), 7 survivors (7168K)
 Metaspace       used 135240K, capacity 139334K, committed 139596K, reserved 1171456K
  class space    used 16910K, capacity 18407K, committed 18508K, reserved 1048576K
}
Event: 389.524 GC heap after
{Heap after GC invocations=91 (full 0):
 garbage-first heap   total 260096K, used 132295K [0x0000000080000000, 0x0000000100000000)
  region size 1024K, 1 young (1024K), 1 survivors (1024K)
 Metaspace       used 135240K, capacity 139334K, committed 139596K, reserved 1171456K
  class space    used 16910K, capacity 18407K, committed 18508K, reserved 1048576K
}
Event: 389.578 GC heap before
{Heap before GC invocations=91 (full 0):
 garbage-first heap   total 260096K, used 144583K [0x0000000080000000, 0x0000000100000000)
  region size 1024K, 14 young (14336K), 1 survivors (1024K)
 Metaspace       used 135309K, capacity 139419K, committed 139596K, reserved 1171456K
  class space    used 16924K, capacity 18434K, committed 18508K, reserved 1048576K
}
Event: 389.582 GC heap after
{Heap after GC invocations=92 (full 0):
 garbage-first heap   total 260096K, used 132894K [0x0000000080000000, 0x0000000100000000)
  region size 1024K, 2 young (2048K), 2 survivors (2048K)
 Metaspace       used 135309K, capacity 139419K, committed 139596K, reserved 1171456K
  class space    used 16924K, capacity 18434K, committed 18508K, reserved 1048576K
}
Event: 391.104 GC heap before
{Heap before GC invocations=93 (full 0):
 garbage-first heap   total 260096K, used 217886K [0x0000000080000000, 0x0000000100000000)
  region size 1024K, 67 young (68608K), 2 survivors (2048K)
 Metaspace       used 135559K, capacity 139810K, committed 139980K, reserved 1171456K
  class space    used 16982K, capacity 18541K, committed 18636K, reserved 1048576K
}
Event: 391.110 GC heap after
{Heap after GC invocations=94 (full 0):
 garbage-first heap   total 260096K, used 136390K [0x0000000080000000, 0x0000000100000000)
  region size 1024K, 5 young (5120K), 5 survivors (5120K)
 Metaspace       used 135559K, capacity 139810K, committed 139980K, reserved 1171456K
  class space    used 16982K, capacity 18541K, committed 18636K, reserved 1048576K
}
Event: 391.122 GC heap before
{Heap before GC invocations=94 (full 0):
 garbage-first heap   total 260096K, used 142534K [0x0000000080000000, 0x0000000100000000)
  region size 1024K, 12 young (12288K), 5 survivors (5120K)
 Metaspace       used 135559K, capacity 139810K, committed 139980K, reserved 1171456K
  class space    used 16982K, capacity 18541K, committed 18636K, reserved 1048576K
}
Event: 391.133 GC heap after
{Heap after GC invocations=95 (full 0):
 garbage-first heap   total 260096K, used 128479K [0x0000000080000000, 0x0000000100000000)
  region size 1024K, 2 young (2048K), 2 survivors (2048K)
 Metaspace       used 135559K, capacity 139810K, committed 139980K, reserved 1171456K
  class space    used 16982K, capacity 18541K, committed 18636K, reserved 1048576K
}
Event: 391.409 GC heap before
{Heap before GC invocations=95 (full 0):
 garbage-first heap   total 260096K, used 199135K [0x0000000080000000, 0x0000000100000000)
  region size 1024K, 72 young (73728K), 2 survivors (2048K)
 Metaspace       used 135587K, capacity 139882K, committed 139980K, reserved 1171456K
  class space    used 16983K, capacity 18542K, committed 18636K, reserved 1048576K
}
Event: 391.418 GC heap after
{Heap after GC invocations=96 (full 0):
 garbage-first heap   total 260096K, used 131492K [0x0000000080000000, 0x0000000100000000)
  region size 1024K, 5 young (5120K), 5 survivors (5120K)
 Metaspace       used 135587K, capacity 139882K, committed 139980K, reserved 1171456K
  class space    used 16983K, capacity 18542K, committed 18636K, reserved 1048576K
}

Deoptimization events (20 events):
Event: 391.486 Thread 0x000001a978f04800 Uncommon trap: trap_request=0xffffffde fr.pc=0x000001a968d7b3a0 relative=0x00000000000016c0
Event: 391.486 Thread 0x000001a978f04800 Uncommon trap: reason=class_check action=maybe_recompile pc=0x000001a968d7b3a0 method=com.google.common.collect.ImmutableMap.copyOf(Ljava/lang/Iterable;)Lcom/google/common/collect/ImmutableMap; @ 49 c2
Event: 391.486 Thread 0x000001a978f04800 DEOPT PACKING pc=0x000001a968d7b3a0 sp=0x0000001850efdc70
Event: 391.486 Thread 0x000001a978f04800 DEOPT UNPACKING pc=0x000001a9607c83af sp=0x0000001850efdc28 mode 2
Event: 391.520 Thread 0x000001a978f04800 DEOPT PACKING pc=0x000001a9638b4341 sp=0x0000001850efcf30
Event: 391.520 Thread 0x000001a978f04800 DEOPT UNPACKING pc=0x000001a9607e8ede sp=0x0000001850efc3a8 mode 0
Event: 391.521 Thread 0x000001a978f04800 DEOPT PACKING pc=0x000001a9638b4341 sp=0x0000001850efcf30
Event: 391.521 Thread 0x000001a978f04800 DEOPT UNPACKING pc=0x000001a9607e8ede sp=0x0000001850efc3a8 mode 0
Event: 391.522 Thread 0x000001a978f04800 DEOPT PACKING pc=0x000001a9638b4341 sp=0x0000001850efcf30
Event: 391.522 Thread 0x000001a978f04800 DEOPT UNPACKING pc=0x000001a9607e8ede sp=0x0000001850efc3a8 mode 0
Event: 391.522 Thread 0x000001a978f04800 DEOPT PACKING pc=0x000001a9638b4341 sp=0x0000001850efcf30
Event: 391.522 Thread 0x000001a978f04800 DEOPT UNPACKING pc=0x000001a9607e8ede sp=0x0000001850efc3a8 mode 0
Event: 391.523 Thread 0x000001a978f04800 DEOPT PACKING pc=0x000001a9638b4341 sp=0x0000001850efcf30
Event: 391.523 Thread 0x000001a978f04800 DEOPT UNPACKING pc=0x000001a9607e8ede sp=0x0000001850efc3a8 mode 0
Event: 437.318 Thread 0x000001a97b39b000 DEOPT PACKING pc=0x000001a9628096da sp=0x000000184d9f9ec0
Event: 437.318 Thread 0x000001a97b39b000 DEOPT UNPACKING pc=0x000001a9607e8ede sp=0x000000184d9f9358 mode 0
Event: 437.342 Thread 0x000001a97b39b000 DEOPT PACKING pc=0x000001a961b64f5a sp=0x000000184d9f9a60
Event: 437.342 Thread 0x000001a97b39b000 DEOPT UNPACKING pc=0x000001a9607e8ede sp=0x000000184d9f8f80 mode 0
Event: 437.349 Thread 0x000001a97b39b000 DEOPT PACKING pc=0x000001a961b64f5a sp=0x000000184d9f99a0
Event: 437.349 Thread 0x000001a97b39b000 DEOPT UNPACKING pc=0x000001a9607e8ede sp=0x000000184d9f8ec0 mode 0

Classes redefined (0 events):
No events

Internal exceptions (20 events):
Event: 369.223 Thread 0x000001a97b39b000 Exception <a 'sun/nio/fs/WindowsException'{0x000000008f76a7d0}> (0x000000008f76a7d0) thrown at [./src/hotspot/share/prims/jni.cpp, line 615]
Event: 369.223 Thread 0x000001a97b39b000 Exception <a 'sun/nio/fs/WindowsException'{0x000000008f76b860}> (0x000000008f76b860) thrown at [./src/hotspot/share/prims/jni.cpp, line 615]
Event: 371.294 Thread 0x000001a97b39b800 Exception <a 'sun/nio/fs/WindowsException'{0x000000008de2fc60}> (0x000000008de2fc60) thrown at [./src/hotspot/share/prims/jni.cpp, line 615]
Event: 371.295 Thread 0x000001a97b39b800 Exception <a 'sun/nio/fs/WindowsException'{0x000000008de2fd48}> (0x000000008de2fd48) thrown at [./src/hotspot/share/prims/jni.cpp, line 615]
Event: 389.213 Thread 0x000001a97b39b000 Exception <a 'sun/nio/fs/WindowsException'{0x000000008d03f488}> (0x000000008d03f488) thrown at [./src/hotspot/share/prims/jni.cpp, line 615]
Event: 389.213 Thread 0x000001a97b39b000 Exception <a 'sun/nio/fs/WindowsException'{0x000000008d040d38}> (0x000000008d040d38) thrown at [./src/hotspot/share/prims/jni.cpp, line 615]
Event: 389.280 Thread 0x000001a97b39b000 Exception <a 'sun/nio/fs/WindowsException'{0x000000008c72d040}> (0x000000008c72d040) thrown at [./src/hotspot/share/prims/jni.cpp, line 615]
Event: 389.285 Thread 0x000001a97b39b000 Exception <a 'sun/nio/fs/WindowsException'{0x000000008c7c90b0}> (0x000000008c7c90b0) thrown at [./src/hotspot/share/prims/jni.cpp, line 615]
Event: 389.285 Thread 0x000001a97b39b000 Exception <a 'sun/nio/fs/WindowsException'{0x000000008c7ca0f0}> (0x000000008c7ca0f0) thrown at [./src/hotspot/share/prims/jni.cpp, line 615]
Event: 389.285 Thread 0x000001a97b39b000 Exception <a 'sun/nio/fs/WindowsException'{0x000000008c7cb180}> (0x000000008c7cb180) thrown at [./src/hotspot/share/prims/jni.cpp, line 615]
Event: 389.285 Thread 0x000001a97b39b000 Exception <a 'sun/nio/fs/WindowsException'{0x000000008c7cc210}> (0x000000008c7cc210) thrown at [./src/hotspot/share/prims/jni.cpp, line 615]
Event: 391.199 Thread 0x000001a978f0a800 Exception <a 'sun/nio/fs/WindowsException'{0x000000008e4a14b0}> (0x000000008e4a14b0) thrown at [./src/hotspot/share/prims/jni.cpp, line 615]
Event: 391.199 Thread 0x000001a978f0a800 Exception <a 'sun/nio/fs/WindowsException'{0x000000008e4a1598}> (0x000000008e4a1598) thrown at [./src/hotspot/share/prims/jni.cpp, line 615]
Event: 437.260 Thread 0x000001a97b39b000 Exception <a 'sun/nio/fs/WindowsException'{0x000000008d80e0b8}> (0x000000008d80e0b8) thrown at [./src/hotspot/share/prims/jni.cpp, line 615]
Event: 437.260 Thread 0x000001a97b39b000 Exception <a 'sun/nio/fs/WindowsException'{0x000000008d80f968}> (0x000000008d80f968) thrown at [./src/hotspot/share/prims/jni.cpp, line 615]
Event: 437.340 Thread 0x000001a97b39b000 Exception <a 'sun/nio/fs/WindowsException'{0x000000008d0a97f0}> (0x000000008d0a97f0) thrown at [./src/hotspot/share/prims/jni.cpp, line 615]
Event: 437.345 Thread 0x000001a97b39b000 Exception <a 'sun/nio/fs/WindowsException'{0x000000008cf48ff8}> (0x000000008cf48ff8) thrown at [./src/hotspot/share/prims/jni.cpp, line 615]
Event: 437.345 Thread 0x000001a97b39b000 Exception <a 'sun/nio/fs/WindowsException'{0x000000008cf4a038}> (0x000000008cf4a038) thrown at [./src/hotspot/share/prims/jni.cpp, line 615]
Event: 437.345 Thread 0x000001a97b39b000 Exception <a 'sun/nio/fs/WindowsException'{0x000000008cf4b0c8}> (0x000000008cf4b0c8) thrown at [./src/hotspot/share/prims/jni.cpp, line 615]
Event: 437.345 Thread 0x000001a97b39b000 Exception <a 'sun/nio/fs/WindowsException'{0x000000008cf4c158}> (0x000000008cf4c158) thrown at [./src/hotspot/share/prims/jni.cpp, line 615]

Events (20 events):
Event: 437.222 Thread 0x000001a97920b800 Thread added: 0x000001a97920b800
Event: 437.222 Thread 0x000001a97920f800 Thread added: 0x000001a97920f800
Event: 437.222 Thread 0x000001a97920d000 Thread added: 0x000001a97920d000
Event: 437.222 Thread 0x000001a97920a000 Thread added: 0x000001a97920a000
Event: 437.222 Thread 0x000001a979210800 Thread added: 0x000001a979210800
Event: 437.222 Thread 0x000001a97920a800 Thread added: 0x000001a97920a800
Event: 437.222 Thread 0x000001a979212000 Thread added: 0x000001a979212000
Event: 437.222 Executing VM operation: RevokeBias
Event: 437.223 Executing coalesced safepoint VM operation: BulkRevokeBias
Event: 437.223 Executing coalesced safepoint VM operation: BulkRevokeBias done
Event: 437.223 Executing VM operation: RevokeBias done
Event: 437.456 Thread 0x000001a979211000 Thread added: 0x000001a979211000
Event: 437.457 Thread 0x000001a979214800 Thread added: 0x000001a979214800
Event: 437.457 Thread 0x000001a979213000 Thread added: 0x000001a979213000
Event: 437.457 Thread 0x000001a979213800 Thread added: 0x000001a979213800
Event: 437.457 Thread 0x000001a979215000 Thread added: 0x000001a979215000
Event: 437.457 Thread 0x000001a979216000 Thread added: 0x000001a979216000
Event: 437.457 Thread 0x000001a979217000 Thread added: 0x000001a979217000
Event: 437.458 Thread 0x000001a97b396000 Thread added: 0x000001a97b396000
Event: 437.460 Thread 0x000001a97b39a000 Thread added: 0x000001a97b39a000


Dynamic libraries:
0x00007ff7447b0000 - 0x00007ff7447ba000 	D:\Program Files\Android\Android Studio\jre\bin\java.exe
0x00007ffbb1a50000 - 0x00007ffbb1c45000 	C:\windows\SYSTEM32\ntdll.dll
0x00007ffb76200000 - 0x00007ffb76213000 	C:\Program Files\Avast Software\Avast\aswhook.dll
0x00007ffbb1070000 - 0x00007ffbb112d000 	C:\windows\System32\KERNEL32.DLL
0x00007ffbaf390000 - 0x00007ffbaf659000 	C:\windows\System32\KERNELBASE.dll
0x00007ffbaf180000 - 0x00007ffbaf280000 	C:\windows\System32\ucrtbase.dll
0x00007ffb88be0000 - 0x00007ffb88bf9000 	D:\Program Files\Android\Android Studio\jre\bin\jli.dll
0x00007ffb88450000 - 0x00007ffb88467000 	D:\Program Files\Android\Android Studio\jre\bin\VCRUNTIME140.dll
0x00007ffbb0a50000 - 0x00007ffbb0bf0000 	C:\windows\System32\USER32.dll
0x00007ffbafa80000 - 0x00007ffbafaa2000 	C:\windows\System32\win32u.dll
0x00007ffbb12a0000 - 0x00007ffbb12ca000 	C:\windows\System32\GDI32.dll
0x00007ffbaf970000 - 0x00007ffbafa7b000 	C:\windows\System32\gdi32full.dll
0x00007ffb948d0000 - 0x00007ffb94b6a000 	C:\windows\WinSxS\amd64_microsoft.windows.common-controls_6595b64144ccf1df_6.0.19041.1110_none_60b5254171f9507e\COMCTL32.dll
0x00007ffbaf8d0000 - 0x00007ffbaf96d000 	C:\windows\System32\msvcp_win.dll
0x00007ffbaff70000 - 0x00007ffbb000e000 	C:\windows\System32\msvcrt.dll
0x00007ffbb0630000 - 0x00007ffbb0660000 	C:\windows\System32\IMM32.DLL
0x00007ffb6cf30000 - 0x00007ffb6cfcd000 	D:\Program Files\Android\Android Studio\jre\bin\msvcp140.dll
0x00007ffb5cae0000 - 0x00007ffb5d5af000 	D:\Program Files\Android\Android Studio\jre\bin\server\jvm.dll
0x00007ffbb1130000 - 0x00007ffbb11dc000 	C:\windows\System32\ADVAPI32.dll
0x00007ffbafed0000 - 0x00007ffbaff6b000 	C:\windows\System32\sechost.dll
0x00007ffbb0bf0000 - 0x00007ffbb0d1a000 	C:\windows\System32\RPCRT4.dll
0x00007ffbb11e0000 - 0x00007ffbb11e8000 	C:\windows\System32\PSAPI.DLL
0x00007ffb8bd10000 - 0x00007ffb8bd19000 	C:\windows\SYSTEM32\WSOCK32.dll
0x00007ffb820c0000 - 0x00007ffb820e7000 	C:\windows\SYSTEM32\WINMM.dll
0x00007ffbb09e0000 - 0x00007ffbb0a4b000 	C:\windows\System32\WS2_32.dll
0x00007ffba4000000 - 0x00007ffba400a000 	C:\windows\SYSTEM32\VERSION.dll
0x00007ffbada10000 - 0x00007ffbada22000 	C:\windows\SYSTEM32\kernel.appcore.dll
0x00007ffba8710000 - 0x00007ffba8721000 	D:\Program Files\Android\Android Studio\jre\bin\verify.dll
0x00007ffbacda0000 - 0x00007ffbacf84000 	C:\windows\SYSTEM32\DBGHELP.DLL
0x00007ffb97ba0000 - 0x00007ffb97bcc000 	C:\windows\SYSTEM32\dbgcore.DLL
0x00007ffbaf300000 - 0x00007ffbaf383000 	C:\windows\System32\bcryptPrimitives.dll
0x00007ffba86e0000 - 0x00007ffba8709000 	D:\Program Files\Android\Android Studio\jre\bin\java.dll
0x00007ffba86d0000 - 0x00007ffba86db000 	D:\Program Files\Android\Android Studio\jre\bin\jimage.dll
0x00007ffba85d0000 - 0x00007ffba85e8000 	D:\Program Files\Android\Android Studio\jre\bin\zip.dll
0x00007ffbb12d0000 - 0x00007ffbb1a0f000 	C:\windows\System32\SHELL32.dll
0x00007ffbad270000 - 0x00007ffbada00000 	C:\windows\SYSTEM32\windows.storage.dll
0x00007ffbb0660000 - 0x00007ffbb09b5000 	C:\windows\System32\combase.dll
0x00007ffbaebe0000 - 0x00007ffbaec0c000 	C:\windows\SYSTEM32\Wldp.dll
0x00007ffbafab0000 - 0x00007ffbafb5e000 	C:\windows\System32\SHCORE.dll
0x00007ffbb05d0000 - 0x00007ffbb0625000 	C:\windows\System32\shlwapi.dll
0x00007ffbaf0c0000 - 0x00007ffbaf0df000 	C:\windows\SYSTEM32\profapi.dll
0x00007ffba5100000 - 0x00007ffba511a000 	D:\Program Files\Android\Android Studio\jre\bin\net.dll
0x00007ffba6050000 - 0x00007ffba6158000 	C:\windows\SYSTEM32\WINHTTP.dll
0x00007ffbae940000 - 0x00007ffbae9aa000 	C:\windows\system32\mswsock.dll
0x00007ffba50e0000 - 0x00007ffba50f4000 	D:\Program Files\Android\Android Studio\jre\bin\nio.dll
0x00007ffb928a0000 - 0x00007ffb928c7000 	C:\Users\raghul\.gradle\native\8bec1ad78214c89d9ad589b4d07fe93259594b29d510b10fafb7a158f7737e5d\windows-amd64\native-platform.dll
0x00007ffb83200000 - 0x00007ffb8333d000 	C:\Users\raghul\.gradle\native\53dbd7edfb1c66fb8903c78663c9afc45aea4f116125fa6feffd364cf09443e8\windows-amd64\native-platform-file-events.dll
0x00007ffba8620000 - 0x00007ffba862a000 	D:\Program Files\Android\Android Studio\jre\bin\management.dll
0x00007ffba85c0000 - 0x00007ffba85cc000 	D:\Program Files\Android\Android Studio\jre\bin\management_ext.dll
0x00007ffbaeb30000 - 0x00007ffbaeb48000 	C:\windows\SYSTEM32\CRYPTSP.dll
0x00007ffbae250000 - 0x00007ffbae284000 	C:\windows\system32\rsaenh.dll
0x00007ffbaf280000 - 0x00007ffbaf2a7000 	C:\windows\System32\bcrypt.dll
0x00007ffbaf040000 - 0x00007ffbaf06e000 	C:\windows\SYSTEM32\USERENV.dll
0x00007ffbaeb50000 - 0x00007ffbaeb5c000 	C:\windows\SYSTEM32\CRYPTBASE.dll
0x00007ffbae5e0000 - 0x00007ffbae61b000 	C:\windows\SYSTEM32\IPHLPAPI.DLL
0x00007ffbb0010000 - 0x00007ffbb0018000 	C:\windows\System32\NSI.dll
0x00007ffba4ce0000 - 0x00007ffba4cf7000 	C:\windows\SYSTEM32\dhcpcsvc6.DLL
0x00007ffba4c10000 - 0x00007ffba4c2d000 	C:\windows\SYSTEM32\dhcpcsvc.DLL
0x00007ffbae620000 - 0x00007ffbae6ec000 	C:\windows\SYSTEM32\DNSAPI.dll
0x00007ffb88430000 - 0x00007ffb8844e000 	C:\Users\raghul\AppData\Local\Temp\native-platform12939036522567162735dir\native-platform.dll
0x00007ffb97f10000 - 0x00007ffb97f18000 	D:\Program Files\Android\Android Studio\jre\bin\rmi.dll
0x00007ffb97e40000 - 0x00007ffb97e67000 	D:\Program Files\Android\Android Studio\jre\bin\sunec.dll

dbghelp: loaded successfully - version: 4.0.5 - missing functions: none
symbol engine: initialized successfully - sym options: 0x614 - pdb path: .;D:\Program Files\Android\Android Studio\jre\bin;C:\windows\SYSTEM32;C:\Program Files\Avast Software\Avast;C:\windows\WinSxS\amd64_microsoft.windows.common-controls_6595b64144ccf1df_6.0.19041.1110_none_60b5254171f9507e;D:\Program Files\Android\Android Studio\jre\bin\server;C:\Users\raghul\.gradle\native\8bec1ad78214c89d9ad589b4d07fe93259594b29d510b10fafb7a158f7737e5d\windows-amd64;C:\Users\raghul\.gradle\native\53dbd7edfb1c66fb8903c78663c9afc45aea4f116125fa6feffd364cf09443e8\windows-amd64;C:\Users\raghul\AppData\Local\Temp\native-platform12939036522567162735dir

VM Arguments:
jvm_args: --add-opens=java.base/java.util=ALL-UNNAMED --add-opens=java.base/java.lang=ALL-UNNAMED --add-opens=java.base/java.lang.invoke=ALL-UNNAMED --add-opens=java.base/java.util=ALL-UNNAMED --add-opens=java.prefs/java.util.prefs=ALL-UNNAMED --add-opens=java.prefs/java.util.prefs=ALL-UNNAMED --add-opens=java.base/java.nio.charset=ALL-UNNAMED --add-opens=java.base/java.net=ALL-UNNAMED --add-opens=java.base/java.util.concurrent.atomic=ALL-UNNAMED -Xmx2048m -Dfile.encoding=UTF-8 -Duser.country=US -Duser.language=en -Duser.variant 
java_command: org.gradle.launcher.daemon.bootstrap.GradleDaemon 7.0.2
java_class_path (initial): C:\Users\raghul\.gradle\wrapper\dists\gradle-7.0.2-bin\857tjihv64xamwrf0h14cai3r\gradle-7.0.2\lib\gradle-launcher-7.0.2.jar
Launcher Type: SUN_STANDARD

[Global flags]
     intx CICompilerCount                          = 4                                         {product} {ergonomic}
     uint ConcGCThreads                            = 2                                         {product} {ergonomic}
     uint G1ConcRefinementThreads                  = 8                                         {product} {ergonomic}
   size_t G1HeapRegionSize                         = 1048576                                   {product} {ergonomic}
    uintx GCDrainStackTargetSize                   = 64                                        {product} {ergonomic}
   size_t InitialHeapSize                          = 266338304                                 {product} {ergonomic}
   size_t MarkStackSize                            = 4194304                                   {product} {ergonomic}
   size_t MaxHeapSize                              = 2147483648                                {product} {command line}
   size_t MaxNewSize                               = 1287651328                                {product} {ergonomic}
   size_t MinHeapDeltaBytes                        = 1048576                                   {product} {ergonomic}
    uintx NonNMethodCodeHeapSize                   = 5836300                                {pd product} {ergonomic}
    uintx NonProfiledCodeHeapSize                  = 122910970                              {pd product} {ergonomic}
    uintx ProfiledCodeHeapSize                     = 122910970                              {pd product} {ergonomic}
    uintx ReservedCodeCacheSize                    = 251658240                              {pd product} {ergonomic}
     bool SegmentedCodeCache                       = true                                      {product} {ergonomic}
     bool UseCompressedClassPointers               = true                                 {lp64_product} {ergonomic}
     bool UseCompressedOops                        = true                                 {lp64_product} {ergonomic}
     bool UseG1GC                                  = true                                      {product} {ergonomic}
     bool UseLargePagesIndividualAllocation        = false                                  {pd product} {ergonomic}

Logging:
Log output configuration:
 #0: stdout all=warning uptime,level,tags
 #1: stderr all=off uptime,level,tags

Environment Variables:
JAVA_HOME=C:\Users\raghul\.jdks\openjdk-15.0.2\
PATH=C:\Program Files (x86)\VMware\VMware Workstation\bin\;C:\windows\system32;C:\windows;C:\windows\System32\Wbem;C:\windows\System32\WindowsPowerShell\v1.0\;C:\windows\System32\OpenSSH\;C:\Program Files\Intel\Intel(R) Memory and Storage Tool\;C:\Program Files\Microsoft SQL Server\130\Tools\Binn\;C:\Program Files\Git\cmd;C:\Program Files\MongoDB\Tools\100\bin;C:\Program Files\MongoDB\Server\4.4\bin;C:\Users\raghul\.jdks\openjdk-15.0.2\bin;C:\Program Files\dotnet\;C:\Program Files\Microsoft SQL Server\Client SDK\ODBC\170\Tools\Binn\;C:\neo4j-community-4.1.3\bin;C:\Program Files\nodejs\;C:\Program Files\apache-maven-3.8.1\bin;C:\Users\raghul\AppData\Local\Microsoft\WindowsApps;;C:\Users\raghul\AppData\Local\Programs\Microsoft VS Code\bin;C:\Users\raghul\.dotnet\tools;C:\Users\raghul\AppData\Roaming\npm;D:\Program Files\JetBrains\IntelliJ IDEA 2021.2.2\bin;
USERNAME=raghul
OS=Windows_NT
PROCESSOR_IDENTIFIER=Intel64 Family 6 Model 140 Stepping 1, GenuineIntel



---------------  S Y S T E M  ---------------

OS: Windows 10 , 64 bit Build 19041 (10.0.19041.1151)
OS uptime: 1 days 1:24 hours

CPU:total 8 (initial active 8) (4 cores per cpu, 2 threads per core) family 6 model 140 stepping 1 microcode 0x86, cmov, cx8, fxsr, mmx, sse, sse2, sse3, ssse3, sse4.1, sse4.2, popcnt, avx, avx2, aes, clmul, erms, 3dnowpref, lzcnt, ht, tsc, tscinvbit, bmi1, bmi2, adx, evex, sha, fma

Memory: 4k page, system-wide physical 16145M (3014M free)
TotalPageFile size 32533M (AvailPageFile size 5M)
current process WorkingSet (physical memory assigned to process): 507M, peak: 538M
current process commit charge ("private bytes"): 670M, peak: 692M

vm_info: OpenJDK 64-Bit Server VM (11.0.10+0-b96-7249189) for windows-amd64 JRE (11.0.10+0-b96-7249189), built on Mar 31 2021 21:44:00 by "builder" with MS VC++ 14.0 (VS2015)

END.
